<?xml version="1.0" encoding="UTF-8"?>
<testsuite xmlns:xsi="http://www.w3.org/2001/XMLSchema-instance" xsi:noNamespaceSchemaLocation="https://maven.apache.org/surefire/maven-surefire-plugin/xsd/surefire-test-report.xsd" name="com.people.chat.ChatApplicationTests" time="3.645" tests="1" errors="0" skipped="0" failures="0">
  <properties>
    <property name="awt.toolkit" value="sun.awt.X11.XToolkit"/>
    <property name="java.specification.version" value="11"/>
    <property name="sun.cpu.isalist" value=""/>
    <property name="sun.jnu.encoding" value="UTF-8"/>
    <property name="java.class.path" value="/home/humaid/Desktop/SpringProjects/peopl/target/test-classes:/home/humaid/Desktop/SpringProjects/peopl/target/classes:/home/humaid/.m2/repository/org/springframework/spring-websocket/4.0.0.RELEASE/spring-websocket-4.0.0.RELEASE.jar:/home/humaid/.m2/repository/org/springframework/spring-context/5.2.6.RELEASE/spring-context-5.2.6.RELEASE.jar:/home/humaid/.m2/repository/org/springframework/spring-aop/5.2.6.RELEASE/spring-aop-5.2.6.RELEASE.jar:/home/humaid/.m2/repository/org/springframework/spring-expression/5.2.6.RELEASE/spring-expression-5.2.6.RELEASE.jar:/home/humaid/.m2/repository/org/springframework/spring-core/5.2.6.RELEASE/spring-core-5.2.6.RELEASE.jar:/home/humaid/.m2/repository/org/springframework/spring-jcl/5.2.6.RELEASE/spring-jcl-5.2.6.RELEASE.jar:/home/humaid/.m2/repository/org/springframework/spring-web/5.2.6.RELEASE/spring-web-5.2.6.RELEASE.jar:/home/humaid/.m2/repository/org/springframework/social/spring-social-facebook/2.0.3.RELEASE/spring-social-facebook-2.0.3.RELEASE.jar:/home/humaid/.m2/repository/com/fasterxml/jackson/core/jackson-core/2.11.0/jackson-core-2.11.0.jar:/home/humaid/.m2/repository/org/springframework/social/spring-social-core/1.1.4.RELEASE/spring-social-core-1.1.4.RELEASE.jar:/home/humaid/.m2/repository/com/fasterxml/jackson/core/jackson-databind/2.11.0/jackson-databind-2.11.0.jar:/home/humaid/.m2/repository/org/springframework/social/spring-social-config/1.1.4.RELEASE/spring-social-config-1.1.4.RELEASE.jar:/home/humaid/.m2/repository/org/springframework/social/spring-social-web/1.1.4.RELEASE/spring-social-web-1.1.4.RELEASE.jar:/home/humaid/.m2/repository/javax/inject/javax.inject/1/javax.inject-1.jar:/home/humaid/.m2/repository/com/fasterxml/jackson/core/jackson-annotations/2.11.0/jackson-annotations-2.11.0.jar:/home/humaid/.m2/repository/com/google/firebase/firebase-admin/7.0.1/firebase-admin-7.0.1.jar:/home/humaid/.m2/repository/com/google/api-client/google-api-client/1.30.10/google-api-client-1.30.10.jar:/home/humaid/.m2/repository/com/google/oauth-client/google-oauth-client/1.31.0/google-oauth-client-1.31.0.jar:/home/humaid/.m2/repository/com/google/http-client/google-http-client-jackson2/1.36.0/google-http-client-jackson2-1.36.0.jar:/home/humaid/.m2/repository/com/google/api-client/google-api-client-gson/1.30.10/google-api-client-gson-1.30.10.jar:/home/humaid/.m2/repository/com/google/http-client/google-http-client-gson/1.36.0/google-http-client-gson-1.36.0.jar:/home/humaid/.m2/repository/com/google/http-client/google-http-client/1.35.0/google-http-client-1.35.0.jar:/home/humaid/.m2/repository/org/apache/httpcomponents/httpcore/4.4.13/httpcore-4.4.13.jar:/home/humaid/.m2/repository/com/google/code/findbugs/jsr305/3.0.2/jsr305-3.0.2.jar:/home/humaid/.m2/repository/com/google/j2objc/j2objc-annotations/1.3/j2objc-annotations-1.3.jar:/home/humaid/.m2/repository/io/opencensus/opencensus-api/0.24.0/opencensus-api-0.24.0.jar:/home/humaid/.m2/repository/io/opencensus/opencensus-contrib-http-util/0.24.0/opencensus-contrib-http-util-0.24.0.jar:/home/humaid/.m2/repository/com/google/api/api-common/1.9.2/api-common-1.9.2.jar:/home/humaid/.m2/repository/javax/annotation/javax.annotation-api/1.3.2/javax.annotation-api-1.3.2.jar:/home/humaid/.m2/repository/com/google/auto/value/auto-value-annotations/1.7.2/auto-value-annotations-1.7.2.jar:/home/humaid/.m2/repository/com/google/auth/google-auth-library-oauth2-http/0.20.0/google-auth-library-oauth2-http-0.20.0.jar:/home/humaid/.m2/repository/com/google/auth/google-auth-library-credentials/0.20.0/google-auth-library-credentials-0.20.0.jar:/home/humaid/.m2/repository/com/google/cloud/google-cloud-storage/1.110.0/google-cloud-storage-1.110.0.jar:/home/humaid/.m2/repository/com/google/guava/failureaccess/1.0.1/failureaccess-1.0.1.jar:/home/humaid/.m2/repository/com/google/guava/listenablefuture/9999.0-empty-to-avoid-conflict-with-guava/listenablefuture-9999.0-empty-to-avoid-conflict-with-guava.jar:/home/humaid/.m2/repository/org/checkerframework/checker-compat-qual/2.5.5/checker-compat-qual-2.5.5.jar:/home/humaid/.m2/repository/com/google/errorprone/error_prone_annotations/2.3.4/error_prone_annotations-2.3.4.jar:/home/humaid/.m2/repository/com/google/apis/google-api-services-storage/v1-rev20200430-1.30.9/google-api-services-storage-v1-rev20200430-1.30.9.jar:/home/humaid/.m2/repository/com/google/cloud/google-cloud-core/1.93.6/google-cloud-core-1.93.6.jar:/home/humaid/.m2/repository/com/google/api/grpc/proto-google-common-protos/1.18.0/proto-google-common-protos-1.18.0.jar:/home/humaid/.m2/repository/com/google/cloud/google-cloud-core-http/1.93.6/google-cloud-core-http-1.93.6.jar:/home/humaid/.m2/repository/com/google/http-client/google-http-client-appengine/1.35.0/google-http-client-appengine-1.35.0.jar:/home/humaid/.m2/repository/com/google/api/gax-httpjson/0.74.0/gax-httpjson-0.74.0.jar:/home/humaid/.m2/repository/com/google/api/gax/1.57.0/gax-1.57.0.jar:/home/humaid/.m2/repository/io/grpc/grpc-context/1.30.0/grpc-context-1.30.0.jar:/home/humaid/.m2/repository/com/google/api/grpc/proto-google-iam-v1/0.13.0/proto-google-iam-v1-0.13.0.jar:/home/humaid/.m2/repository/com/google/protobuf/protobuf-java/3.12.2/protobuf-java-3.12.2.jar:/home/humaid/.m2/repository/com/google/protobuf/protobuf-java-util/3.12.2/protobuf-java-util-3.12.2.jar:/home/humaid/.m2/repository/org/threeten/threetenbp/1.4.4/threetenbp-1.4.4.jar:/home/humaid/.m2/repository/com/google/cloud/google-cloud-firestore/1.35.0/google-cloud-firestore-1.35.0.jar:/home/humaid/.m2/repository/com/google/cloud/google-cloud-core-grpc/1.93.6/google-cloud-core-grpc-1.93.6.jar:/home/humaid/.m2/repository/io/grpc/grpc-core/1.30.0/grpc-core-1.30.0.jar:/home/humaid/.m2/repository/com/google/android/annotations/4.1.1.4/annotations-4.1.1.4.jar:/home/humaid/.m2/repository/io/perfmark/perfmark-api/0.19.0/perfmark-api-0.19.0.jar:/home/humaid/.m2/repository/commons-logging/commons-logging/1.2/commons-logging-1.2.jar:/home/humaid/.m2/repository/commons-codec/commons-codec/1.14/commons-codec-1.14.jar:/home/humaid/.m2/repository/com/google/api/grpc/proto-google-cloud-firestore-admin-v1/1.35.0/proto-google-cloud-firestore-admin-v1-1.35.0.jar:/home/humaid/.m2/repository/com/google/api/grpc/proto-google-cloud-firestore-v1/1.35.0/proto-google-cloud-firestore-v1-1.35.0.jar:/home/humaid/.m2/repository/com/google/api/grpc/proto-google-cloud-firestore-v1beta1/0.88.0/proto-google-cloud-firestore-v1beta1-0.88.0.jar:/home/humaid/.m2/repository/io/opencensus/opencensus-contrib-grpc-util/0.24.0/opencensus-contrib-grpc-util-0.24.0.jar:/home/humaid/.m2/repository/io/grpc/grpc-protobuf/1.30.0/grpc-protobuf-1.30.0.jar:/home/humaid/.m2/repository/io/grpc/grpc-protobuf-lite/1.30.0/grpc-protobuf-lite-1.30.0.jar:/home/humaid/.m2/repository/org/codehaus/mojo/animal-sniffer-annotations/1.18/animal-sniffer-annotations-1.18.jar:/home/humaid/.m2/repository/io/grpc/grpc-api/1.30.0/grpc-api-1.30.0.jar:/home/humaid/.m2/repository/com/google/api/gax-grpc/1.57.0/gax-grpc-1.57.0.jar:/home/humaid/.m2/repository/io/grpc/grpc-auth/1.30.0/grpc-auth-1.30.0.jar:/home/humaid/.m2/repository/io/grpc/grpc-netty-shaded/1.30.0/grpc-netty-shaded-1.30.0.jar:/home/humaid/.m2/repository/io/grpc/grpc-alts/1.30.0/grpc-alts-1.30.0.jar:/home/humaid/.m2/repository/io/grpc/grpc-grpclb/1.30.0/grpc-grpclb-1.30.0.jar:/home/humaid/.m2/repository/org/conscrypt/conscrypt-openjdk-uber/2.2.1/conscrypt-openjdk-uber-2.2.1.jar:/home/humaid/.m2/repository/io/grpc/grpc-stub/1.30.0/grpc-stub-1.30.0.jar:/home/humaid/.m2/repository/com/google/guava/guava/29.0-android/guava-29.0-android.jar:/home/humaid/.m2/repository/org/slf4j/slf4j-api/1.7.30/slf4j-api-1.7.30.jar:/home/humaid/.m2/repository/io/netty/netty-codec-http/4.1.49.Final/netty-codec-http-4.1.49.Final.jar:/home/humaid/.m2/repository/io/netty/netty-common/4.1.49.Final/netty-common-4.1.49.Final.jar:/home/humaid/.m2/repository/io/netty/netty-buffer/4.1.49.Final/netty-buffer-4.1.49.Final.jar:/home/humaid/.m2/repository/io/netty/netty-codec/4.1.49.Final/netty-codec-4.1.49.Final.jar:/home/humaid/.m2/repository/io/netty/netty-handler/4.1.49.Final/netty-handler-4.1.49.Final.jar:/home/humaid/.m2/repository/io/netty/netty-resolver/4.1.49.Final/netty-resolver-4.1.49.Final.jar:/home/humaid/.m2/repository/io/netty/netty-transport/4.1.49.Final/netty-transport-4.1.49.Final.jar:/home/humaid/.m2/repository/org/springframework/social/spring-social-linkedin/1.0.0.RELEASE/spring-social-linkedin-1.0.0.RELEASE.jar:/home/humaid/.m2/repository/org/apache/commons/commons-lang3/3.11/commons-lang3-3.11.jar:/home/humaid/.m2/repository/org/json/json/20080701/json-20080701.jar:/home/humaid/.m2/repository/org/glassfish/javax.json/1.0.4/javax.json-1.0.4.jar:/home/humaid/.m2/repository/com/sun/mail/javax.mail/1.4.4/javax.mail-1.4.4.jar:/home/humaid/.m2/repository/javax/activation/activation/1.1/activation-1.1.jar:/home/humaid/.m2/repository/commons-dbcp/commons-dbcp/1.4/commons-dbcp-1.4.jar:/home/humaid/.m2/repository/commons-pool/commons-pool/1.6/commons-pool-1.6.jar:/home/humaid/.m2/repository/org/postgresql/postgresql/42.2.12/postgresql-42.2.12.jar:/home/humaid/.m2/repository/com/amazonaws/aws-java-sdk/1.11.773/aws-java-sdk-1.11.773.jar:/home/humaid/.m2/repository/com/amazonaws/aws-java-sdk-iotsitewise/1.11.773/aws-java-sdk-iotsitewise-1.11.773.jar:/home/humaid/.m2/repository/com/amazonaws/jmespath-java/1.11.773/jmespath-java-1.11.773.jar:/home/humaid/.m2/repository/com/amazonaws/aws-java-sdk-synthetics/1.11.773/aws-java-sdk-synthetics-1.11.773.jar:/home/humaid/.m2/repository/com/amazonaws/aws-java-sdk-codestarconnections/1.11.773/aws-java-sdk-codestarconnections-1.11.773.jar:/home/humaid/.m2/repository/com/amazonaws/aws-java-sdk-detective/1.11.773/aws-java-sdk-detective-1.11.773.jar:/home/humaid/.m2/repository/com/amazonaws/aws-java-sdk-kinesisvideosignalingchannels/1.11.773/aws-java-sdk-kinesisvideosignalingchannels-1.11.773.jar:/home/humaid/.m2/repository/com/amazonaws/aws-java-sdk-ebs/1.11.773/aws-java-sdk-ebs-1.11.773.jar:/home/humaid/.m2/repository/com/amazonaws/aws-java-sdk-augmentedairuntime/1.11.773/aws-java-sdk-augmentedairuntime-1.11.773.jar:/home/humaid/.m2/repository/com/amazonaws/aws-java-sdk-outposts/1.11.773/aws-java-sdk-outposts-1.11.773.jar:/home/humaid/.m2/repository/com/amazonaws/aws-java-sdk-codeguruprofiler/1.11.773/aws-java-sdk-codeguruprofiler-1.11.773.jar:/home/humaid/.m2/repository/com/amazonaws/aws-java-sdk-codegurureviewer/1.11.773/aws-java-sdk-codegurureviewer-1.11.773.jar:/home/humaid/.m2/repository/com/amazonaws/aws-java-sdk-frauddetector/1.11.773/aws-java-sdk-frauddetector-1.11.773.jar:/home/humaid/.m2/repository/com/amazonaws/aws-java-sdk-kendra/1.11.773/aws-java-sdk-kendra-1.11.773.jar:/home/humaid/.m2/repository/com/amazonaws/aws-java-sdk-networkmanager/1.11.773/aws-java-sdk-networkmanager-1.11.773.jar:/home/humaid/.m2/repository/com/amazonaws/aws-java-sdk-computeoptimizer/1.11.773/aws-java-sdk-computeoptimizer-1.11.773.jar:/home/humaid/.m2/repository/com/amazonaws/aws-java-sdk-accessanalyzer/1.11.773/aws-java-sdk-accessanalyzer-1.11.773.jar:/home/humaid/.m2/repository/com/amazonaws/aws-java-sdk-schemas/1.11.773/aws-java-sdk-schemas-1.11.773.jar:/home/humaid/.m2/repository/com/amazonaws/aws-java-sdk-imagebuilder/1.11.773/aws-java-sdk-imagebuilder-1.11.773.jar:/home/humaid/.m2/repository/com/amazonaws/aws-java-sdk-elasticinference/1.11.773/aws-java-sdk-elasticinference-1.11.773.jar:/home/humaid/.m2/repository/com/amazonaws/aws-java-sdk-iotsecuretunneling/1.11.773/aws-java-sdk-iotsecuretunneling-1.11.773.jar:/home/humaid/.m2/repository/com/amazonaws/aws-java-sdk-appconfig/1.11.773/aws-java-sdk-appconfig-1.11.773.jar:/home/humaid/.m2/repository/com/amazonaws/aws-java-sdk-wafv2/1.11.773/aws-java-sdk-wafv2-1.11.773.jar:/home/humaid/.m2/repository/com/amazonaws/aws-java-sdk-connectparticipant/1.11.773/aws-java-sdk-connectparticipant-1.11.773.jar:/home/humaid/.m2/repository/com/amazonaws/aws-java-sdk-migrationhubconfig/1.11.773/aws-java-sdk-migrationhubconfig-1.11.773.jar:/home/humaid/.m2/repository/com/amazonaws/aws-java-sdk-dataexchange/1.11.773/aws-java-sdk-dataexchange-1.11.773.jar:/home/humaid/.m2/repository/com/amazonaws/aws-java-sdk-sesv2/1.11.773/aws-java-sdk-sesv2-1.11.773.jar:/home/humaid/.m2/repository/com/amazonaws/aws-java-sdk-marketplacecatalog/1.11.773/aws-java-sdk-marketplacecatalog-1.11.773.jar:/home/humaid/.m2/repository/com/amazonaws/aws-java-sdk-ssooidc/1.11.773/aws-java-sdk-ssooidc-1.11.773.jar:/home/humaid/.m2/repository/com/amazonaws/aws-java-sdk-sso/1.11.773/aws-java-sdk-sso-1.11.773.jar:/home/humaid/.m2/repository/com/amazonaws/aws-java-sdk-savingsplans/1.11.773/aws-java-sdk-savingsplans-1.11.773.jar:/home/humaid/.m2/repository/com/amazonaws/aws-java-sdk-codestarnotifications/1.11.773/aws-java-sdk-codestarnotifications-1.11.773.jar:/home/humaid/.m2/repository/com/amazonaws/aws-java-sdk-workmailmessageflow/1.11.773/aws-java-sdk-workmailmessageflow-1.11.773.jar:/home/humaid/.m2/repository/com/amazonaws/aws-java-sdk-qldbsession/1.11.773/aws-java-sdk-qldbsession-1.11.773.jar:/home/humaid/.m2/repository/com/amazonaws/aws-java-sdk-qldb/1.11.773/aws-java-sdk-qldb-1.11.773.jar:/home/humaid/.m2/repository/com/amazonaws/aws-java-sdk-forecastquery/1.11.773/aws-java-sdk-forecastquery-1.11.773.jar:/home/humaid/.m2/repository/com/amazonaws/aws-java-sdk-forecast/1.11.773/aws-java-sdk-forecast-1.11.773.jar:/home/humaid/.m2/repository/com/amazonaws/aws-java-sdk-lakeformation/1.11.773/aws-java-sdk-lakeformation-1.11.773.jar:/home/humaid/.m2/repository/com/amazonaws/aws-java-sdk-eventbridge/1.11.773/aws-java-sdk-eventbridge-1.11.773.jar:/home/humaid/.m2/repository/com/amazonaws/aws-java-sdk-ec2instanceconnect/1.11.773/aws-java-sdk-ec2instanceconnect-1.11.773.jar:/home/humaid/.m2/repository/com/amazonaws/aws-java-sdk-applicationinsights/1.11.773/aws-java-sdk-applicationinsights-1.11.773.jar:/home/humaid/.m2/repository/com/amazonaws/aws-java-sdk-servicequotas/1.11.773/aws-java-sdk-servicequotas-1.11.773.jar:/home/humaid/.m2/repository/com/amazonaws/aws-java-sdk-personalizeevents/1.11.773/aws-java-sdk-personalizeevents-1.11.773.jar:/home/humaid/.m2/repository/com/amazonaws/aws-java-sdk-personalize/1.11.773/aws-java-sdk-personalize-1.11.773.jar:/home/humaid/.m2/repository/com/amazonaws/aws-java-sdk-personalizeruntime/1.11.773/aws-java-sdk-personalizeruntime-1.11.773.jar:/home/humaid/.m2/repository/com/amazonaws/aws-java-sdk-ioteventsdata/1.11.773/aws-java-sdk-ioteventsdata-1.11.773.jar:/home/humaid/.m2/repository/com/amazonaws/aws-java-sdk-iotevents/1.11.773/aws-java-sdk-iotevents-1.11.773.jar:/home/humaid/.m2/repository/com/amazonaws/aws-java-sdk-iotthingsgraph/1.11.773/aws-java-sdk-iotthingsgraph-1.11.773.jar:/home/humaid/.m2/repository/com/amazonaws/aws-java-sdk-groundstation/1.11.773/aws-java-sdk-groundstation-1.11.773.jar:/home/humaid/.m2/repository/com/amazonaws/aws-java-sdk-mediapackagevod/1.11.773/aws-java-sdk-mediapackagevod-1.11.773.jar:/home/humaid/.m2/repository/com/amazonaws/aws-java-sdk-managedblockchain/1.11.773/aws-java-sdk-managedblockchain-1.11.773.jar:/home/humaid/.m2/repository/com/amazonaws/aws-java-sdk-textract/1.11.773/aws-java-sdk-textract-1.11.773.jar:/home/humaid/.m2/repository/com/amazonaws/aws-java-sdk-worklink/1.11.773/aws-java-sdk-worklink-1.11.773.jar:/home/humaid/.m2/repository/com/amazonaws/aws-java-sdk-backup/1.11.773/aws-java-sdk-backup-1.11.773.jar:/home/humaid/.m2/repository/com/amazonaws/aws-java-sdk-docdb/1.11.773/aws-java-sdk-docdb-1.11.773.jar:/home/humaid/.m2/repository/com/amazonaws/aws-java-sdk-apigatewayv2/1.11.773/aws-java-sdk-apigatewayv2-1.11.773.jar:/home/humaid/.m2/repository/com/amazonaws/aws-java-sdk-apigatewaymanagementapi/1.11.773/aws-java-sdk-apigatewaymanagementapi-1.11.773.jar:/home/humaid/.m2/repository/com/amazonaws/aws-java-sdk-kafka/1.11.773/aws-java-sdk-kafka-1.11.773.jar:/home/humaid/.m2/repository/com/amazonaws/aws-java-sdk-appmesh/1.11.773/aws-java-sdk-appmesh-1.11.773.jar:/home/humaid/.m2/repository/com/amazonaws/aws-java-sdk-licensemanager/1.11.773/aws-java-sdk-licensemanager-1.11.773.jar:/home/humaid/.m2/repository/com/amazonaws/aws-java-sdk-securityhub/1.11.773/aws-java-sdk-securityhub-1.11.773.jar:/home/humaid/.m2/repository/com/amazonaws/aws-java-sdk-fsx/1.11.773/aws-java-sdk-fsx-1.11.773.jar:/home/humaid/.m2/repository/com/amazonaws/aws-java-sdk-mediaconnect/1.11.773/aws-java-sdk-mediaconnect-1.11.773.jar:/home/humaid/.m2/repository/com/amazonaws/aws-java-sdk-kinesisanalyticsv2/1.11.773/aws-java-sdk-kinesisanalyticsv2-1.11.773.jar:/home/humaid/.m2/repository/com/amazonaws/aws-java-sdk-comprehendmedical/1.11.773/aws-java-sdk-comprehendmedical-1.11.773.jar:/home/humaid/.m2/repository/com/amazonaws/aws-java-sdk-globalaccelerator/1.11.773/aws-java-sdk-globalaccelerator-1.11.773.jar:/home/humaid/.m2/repository/com/amazonaws/aws-java-sdk-transfer/1.11.773/aws-java-sdk-transfer-1.11.773.jar:/home/humaid/.m2/repository/com/amazonaws/aws-java-sdk-datasync/1.11.773/aws-java-sdk-datasync-1.11.773.jar:/home/humaid/.m2/repository/com/amazonaws/aws-java-sdk-robomaker/1.11.773/aws-java-sdk-robomaker-1.11.773.jar:/home/humaid/.m2/repository/com/amazonaws/aws-java-sdk-amplify/1.11.773/aws-java-sdk-amplify-1.11.773.jar:/home/humaid/.m2/repository/com/amazonaws/aws-java-sdk-quicksight/1.11.773/aws-java-sdk-quicksight-1.11.773.jar:/home/humaid/.m2/repository/com/amazonaws/aws-java-sdk-rdsdata/1.11.773/aws-java-sdk-rdsdata-1.11.773.jar:/home/humaid/.m2/repository/com/amazonaws/aws-java-sdk-route53resolver/1.11.773/aws-java-sdk-route53resolver-1.11.773.jar:/home/humaid/.m2/repository/com/amazonaws/aws-java-sdk-ram/1.11.773/aws-java-sdk-ram-1.11.773.jar:/home/humaid/.m2/repository/com/amazonaws/aws-java-sdk-s3control/1.11.773/aws-java-sdk-s3control-1.11.773.jar:/home/humaid/.m2/repository/com/amazonaws/aws-java-sdk-pinpointsmsvoice/1.11.773/aws-java-sdk-pinpointsmsvoice-1.11.773.jar:/home/humaid/.m2/repository/com/amazonaws/aws-java-sdk-pinpointemail/1.11.773/aws-java-sdk-pinpointemail-1.11.773.jar:/home/humaid/.m2/repository/com/amazonaws/aws-java-sdk-chime/1.11.773/aws-java-sdk-chime-1.11.773.jar:/home/humaid/.m2/repository/com/amazonaws/aws-java-sdk-signer/1.11.773/aws-java-sdk-signer-1.11.773.jar:/home/humaid/.m2/repository/com/amazonaws/aws-java-sdk-dlm/1.11.773/aws-java-sdk-dlm-1.11.773.jar:/home/humaid/.m2/repository/com/amazonaws/aws-java-sdk-macie/1.11.773/aws-java-sdk-macie-1.11.773.jar:/home/humaid/.m2/repository/com/amazonaws/aws-java-sdk-eks/1.11.773/aws-java-sdk-eks-1.11.773.jar:/home/humaid/.m2/repository/com/amazonaws/aws-java-sdk-mediatailor/1.11.773/aws-java-sdk-mediatailor-1.11.773.jar:/home/humaid/.m2/repository/com/amazonaws/aws-java-sdk-neptune/1.11.773/aws-java-sdk-neptune-1.11.773.jar:/home/humaid/.m2/repository/com/amazonaws/aws-java-sdk-pi/1.11.773/aws-java-sdk-pi-1.11.773.jar:/home/humaid/.m2/repository/com/amazonaws/aws-java-sdk-iot1clickprojects/1.11.773/aws-java-sdk-iot1clickprojects-1.11.773.jar:/home/humaid/.m2/repository/com/amazonaws/aws-java-sdk-iot1clickdevices/1.11.773/aws-java-sdk-iot1clickdevices-1.11.773.jar:/home/humaid/.m2/repository/com/amazonaws/aws-java-sdk-iotanalytics/1.11.773/aws-java-sdk-iotanalytics-1.11.773.jar:/home/humaid/.m2/repository/com/amazonaws/aws-java-sdk-acmpca/1.11.773/aws-java-sdk-acmpca-1.11.773.jar:/home/humaid/.m2/repository/com/amazonaws/aws-java-sdk-secretsmanager/1.11.773/aws-java-sdk-secretsmanager-1.11.773.jar:/home/humaid/.m2/repository/com/amazonaws/aws-java-sdk-fms/1.11.773/aws-java-sdk-fms-1.11.773.jar:/home/humaid/.m2/repository/com/amazonaws/aws-java-sdk-connect/1.11.773/aws-java-sdk-connect-1.11.773.jar:/home/humaid/.m2/repository/com/amazonaws/aws-java-sdk-transcribe/1.11.773/aws-java-sdk-transcribe-1.11.773.jar:/home/humaid/.m2/repository/com/amazonaws/aws-java-sdk-autoscalingplans/1.11.773/aws-java-sdk-autoscalingplans-1.11.773.jar:/home/humaid/.m2/repository/com/amazonaws/aws-java-sdk-workmail/1.11.773/aws-java-sdk-workmail-1.11.773.jar:/home/humaid/.m2/repository/com/amazonaws/aws-java-sdk-servicediscovery/1.11.773/aws-java-sdk-servicediscovery-1.11.773.jar:/home/humaid/.m2/repository/com/amazonaws/aws-java-sdk-cloud9/1.11.773/aws-java-sdk-cloud9-1.11.773.jar:/home/humaid/.m2/repository/com/amazonaws/aws-java-sdk-serverlessapplicationrepository/1.11.773/aws-java-sdk-serverlessapplicationrepository-1.11.773.jar:/home/humaid/.m2/repository/com/amazonaws/aws-java-sdk-alexaforbusiness/1.11.773/aws-java-sdk-alexaforbusiness-1.11.773.jar:/home/humaid/.m2/repository/com/amazonaws/aws-java-sdk-resourcegroups/1.11.773/aws-java-sdk-resourcegroups-1.11.773.jar:/home/humaid/.m2/repository/com/amazonaws/aws-java-sdk-comprehend/1.11.773/aws-java-sdk-comprehend-1.11.773.jar:/home/humaid/.m2/repository/com/amazonaws/aws-java-sdk-translate/1.11.773/aws-java-sdk-translate-1.11.773.jar:/home/humaid/.m2/repository/com/amazonaws/aws-java-sdk-sagemaker/1.11.773/aws-java-sdk-sagemaker-1.11.773.jar:/home/humaid/.m2/repository/com/amazonaws/aws-java-sdk-iotjobsdataplane/1.11.773/aws-java-sdk-iotjobsdataplane-1.11.773.jar:/home/humaid/.m2/repository/com/amazonaws/aws-java-sdk-sagemakerruntime/1.11.773/aws-java-sdk-sagemakerruntime-1.11.773.jar:/home/humaid/.m2/repository/com/amazonaws/aws-java-sdk-kinesisvideo/1.11.773/aws-java-sdk-kinesisvideo-1.11.773.jar:/home/humaid/.m2/repository/com/amazonaws/aws-java-sdk-appsync/1.11.773/aws-java-sdk-appsync-1.11.773.jar:/home/humaid/.m2/repository/com/amazonaws/aws-java-sdk-guardduty/1.11.773/aws-java-sdk-guardduty-1.11.773.jar:/home/humaid/.m2/repository/com/amazonaws/aws-java-sdk-mq/1.11.773/aws-java-sdk-mq-1.11.773.jar:/home/humaid/.m2/repository/com/amazonaws/aws-java-sdk-mediaconvert/1.11.773/aws-java-sdk-mediaconvert-1.11.773.jar:/home/humaid/.m2/repository/com/amazonaws/aws-java-sdk-mediastore/1.11.773/aws-java-sdk-mediastore-1.11.773.jar:/home/humaid/.m2/repository/com/amazonaws/aws-java-sdk-mediastoredata/1.11.773/aws-java-sdk-mediastoredata-1.11.773.jar:/home/humaid/.m2/repository/com/amazonaws/aws-java-sdk-medialive/1.11.773/aws-java-sdk-medialive-1.11.773.jar:/home/humaid/.m2/repository/com/amazonaws/aws-java-sdk-mediapackage/1.11.773/aws-java-sdk-mediapackage-1.11.773.jar:/home/humaid/.m2/repository/com/amazonaws/aws-java-sdk-costexplorer/1.11.773/aws-java-sdk-costexplorer-1.11.773.jar:/home/humaid/.m2/repository/com/amazonaws/aws-java-sdk-pricing/1.11.773/aws-java-sdk-pricing-1.11.773.jar:/home/humaid/.m2/repository/com/amazonaws/aws-java-sdk-mobile/1.11.773/aws-java-sdk-mobile-1.11.773.jar:/home/humaid/.m2/repository/com/amazonaws/aws-java-sdk-cloudhsmv2/1.11.773/aws-java-sdk-cloudhsmv2-1.11.773.jar:/home/humaid/.m2/repository/com/amazonaws/aws-java-sdk-glue/1.11.773/aws-java-sdk-glue-1.11.773.jar:/home/humaid/.m2/repository/com/amazonaws/aws-java-sdk-migrationhub/1.11.773/aws-java-sdk-migrationhub-1.11.773.jar:/home/humaid/.m2/repository/com/amazonaws/aws-java-sdk-dax/1.11.773/aws-java-sdk-dax-1.11.773.jar:/home/humaid/.m2/repository/com/amazonaws/aws-java-sdk-greengrass/1.11.773/aws-java-sdk-greengrass-1.11.773.jar:/home/humaid/.m2/repository/com/amazonaws/aws-java-sdk-athena/1.11.773/aws-java-sdk-athena-1.11.773.jar:/home/humaid/.m2/repository/com/amazonaws/aws-java-sdk-marketplaceentitlement/1.11.773/aws-java-sdk-marketplaceentitlement-1.11.773.jar:/home/humaid/.m2/repository/com/amazonaws/aws-java-sdk-codestar/1.11.773/aws-java-sdk-codestar-1.11.773.jar:/home/humaid/.m2/repository/com/amazonaws/aws-java-sdk-lexmodelbuilding/1.11.773/aws-java-sdk-lexmodelbuilding-1.11.773.jar:/home/humaid/.m2/repository/com/amazonaws/aws-java-sdk-resourcegroupstaggingapi/1.11.773/aws-java-sdk-resourcegroupstaggingapi-1.11.773.jar:/home/humaid/.m2/repository/com/amazonaws/aws-java-sdk-pinpoint/1.11.773/aws-java-sdk-pinpoint-1.11.773.jar:/home/humaid/.m2/repository/com/amazonaws/aws-java-sdk-xray/1.11.773/aws-java-sdk-xray-1.11.773.jar:/home/humaid/.m2/repository/com/amazonaws/aws-java-sdk-opsworkscm/1.11.773/aws-java-sdk-opsworkscm-1.11.773.jar:/home/humaid/.m2/repository/com/amazonaws/aws-java-sdk-support/1.11.773/aws-java-sdk-support-1.11.773.jar:/home/humaid/.m2/repository/com/amazonaws/aws-java-sdk-simpledb/1.11.773/aws-java-sdk-simpledb-1.11.773.jar:/home/humaid/.m2/repository/com/amazonaws/aws-java-sdk-servicecatalog/1.11.773/aws-java-sdk-servicecatalog-1.11.773.jar:/home/humaid/.m2/repository/com/amazonaws/aws-java-sdk-servermigration/1.11.773/aws-java-sdk-servermigration-1.11.773.jar:/home/humaid/.m2/repository/com/amazonaws/aws-java-sdk-simpleworkflow/1.11.773/aws-java-sdk-simpleworkflow-1.11.773.jar:/home/humaid/.m2/repository/com/amazonaws/aws-java-sdk-storagegateway/1.11.773/aws-java-sdk-storagegateway-1.11.773.jar:/home/humaid/.m2/repository/com/amazonaws/aws-java-sdk-route53/1.11.773/aws-java-sdk-route53-1.11.773.jar:/home/humaid/.m2/repository/com/amazonaws/aws-java-sdk-s3/1.11.773/aws-java-sdk-s3-1.11.773.jar:/home/humaid/.m2/repository/com/amazonaws/aws-java-sdk-importexport/1.11.773/aws-java-sdk-importexport-1.11.773.jar:/home/humaid/.m2/repository/com/amazonaws/aws-java-sdk-sts/1.11.773/aws-java-sdk-sts-1.11.773.jar:/home/humaid/.m2/repository/com/amazonaws/aws-java-sdk-sqs/1.11.773/aws-java-sdk-sqs-1.11.773.jar:/home/humaid/.m2/repository/com/amazonaws/aws-java-sdk-rds/1.11.773/aws-java-sdk-rds-1.11.773.jar:/home/humaid/.m2/repository/com/amazonaws/aws-java-sdk-redshift/1.11.773/aws-java-sdk-redshift-1.11.773.jar:/home/humaid/.m2/repository/com/amazonaws/aws-java-sdk-elasticbeanstalk/1.11.773/aws-java-sdk-elasticbeanstalk-1.11.773.jar:/home/humaid/.m2/repository/com/amazonaws/aws-java-sdk-glacier/1.11.773/aws-java-sdk-glacier-1.11.773.jar:/home/humaid/.m2/repository/com/amazonaws/aws-java-sdk-iam/1.11.773/aws-java-sdk-iam-1.11.773.jar:/home/humaid/.m2/repository/com/amazonaws/aws-java-sdk-datapipeline/1.11.773/aws-java-sdk-datapipeline-1.11.773.jar:/home/humaid/.m2/repository/com/amazonaws/aws-java-sdk-elasticloadbalancing/1.11.773/aws-java-sdk-elasticloadbalancing-1.11.773.jar:/home/humaid/.m2/repository/com/amazonaws/aws-java-sdk-elasticloadbalancingv2/1.11.773/aws-java-sdk-elasticloadbalancingv2-1.11.773.jar:/home/humaid/.m2/repository/com/amazonaws/aws-java-sdk-emr/1.11.773/aws-java-sdk-emr-1.11.773.jar:/home/humaid/.m2/repository/com/amazonaws/aws-java-sdk-elasticache/1.11.773/aws-java-sdk-elasticache-1.11.773.jar:/home/humaid/.m2/repository/com/amazonaws/aws-java-sdk-elastictranscoder/1.11.773/aws-java-sdk-elastictranscoder-1.11.773.jar:/home/humaid/.m2/repository/com/amazonaws/aws-java-sdk-ec2/1.11.773/aws-java-sdk-ec2-1.11.773.jar:/home/humaid/.m2/repository/com/amazonaws/aws-java-sdk-dynamodb/1.11.773/aws-java-sdk-dynamodb-1.11.773.jar:/home/humaid/.m2/repository/com/amazonaws/aws-java-sdk-sns/1.11.773/aws-java-sdk-sns-1.11.773.jar:/home/humaid/.m2/repository/com/amazonaws/aws-java-sdk-budgets/1.11.773/aws-java-sdk-budgets-1.11.773.jar:/home/humaid/.m2/repository/com/amazonaws/aws-java-sdk-cloudtrail/1.11.773/aws-java-sdk-cloudtrail-1.11.773.jar:/home/humaid/.m2/repository/com/amazonaws/aws-java-sdk-cloudwatch/1.11.773/aws-java-sdk-cloudwatch-1.11.773.jar:/home/humaid/.m2/repository/com/amazonaws/aws-java-sdk-logs/1.11.773/aws-java-sdk-logs-1.11.773.jar:/home/humaid/.m2/repository/com/amazonaws/aws-java-sdk-events/1.11.773/aws-java-sdk-events-1.11.773.jar:/home/humaid/.m2/repository/com/amazonaws/aws-java-sdk-cognitoidentity/1.11.773/aws-java-sdk-cognitoidentity-1.11.773.jar:/home/humaid/.m2/repository/com/amazonaws/aws-java-sdk-cognitosync/1.11.773/aws-java-sdk-cognitosync-1.11.773.jar:/home/humaid/.m2/repository/com/amazonaws/aws-java-sdk-directconnect/1.11.773/aws-java-sdk-directconnect-1.11.773.jar:/home/humaid/.m2/repository/com/amazonaws/aws-java-sdk-cloudformation/1.11.773/aws-java-sdk-cloudformation-1.11.773.jar:/home/humaid/.m2/repository/com/amazonaws/aws-java-sdk-cloudfront/1.11.773/aws-java-sdk-cloudfront-1.11.773.jar:/home/humaid/.m2/repository/com/amazonaws/aws-java-sdk-clouddirectory/1.11.773/aws-java-sdk-clouddirectory-1.11.773.jar:/home/humaid/.m2/repository/com/amazonaws/aws-java-sdk-kinesis/1.11.773/aws-java-sdk-kinesis-1.11.773.jar:/home/humaid/.m2/repository/com/amazonaws/aws-java-sdk-opsworks/1.11.773/aws-java-sdk-opsworks-1.11.773.jar:/home/humaid/.m2/repository/com/amazonaws/aws-java-sdk-ses/1.11.773/aws-java-sdk-ses-1.11.773.jar:/home/humaid/.m2/repository/com/amazonaws/aws-java-sdk-autoscaling/1.11.773/aws-java-sdk-autoscaling-1.11.773.jar:/home/humaid/.m2/repository/com/amazonaws/aws-java-sdk-cloudsearch/1.11.773/aws-java-sdk-cloudsearch-1.11.773.jar:/home/humaid/.m2/repository/com/amazonaws/aws-java-sdk-cloudwatchmetrics/1.11.773/aws-java-sdk-cloudwatchmetrics-1.11.773.jar:/home/humaid/.m2/repository/com/amazonaws/aws-java-sdk-codedeploy/1.11.773/aws-java-sdk-codedeploy-1.11.773.jar:/home/humaid/.m2/repository/com/amazonaws/aws-java-sdk-codepipeline/1.11.773/aws-java-sdk-codepipeline-1.11.773.jar:/home/humaid/.m2/repository/com/amazonaws/aws-java-sdk-kms/1.11.773/aws-java-sdk-kms-1.11.773.jar:/home/humaid/.m2/repository/com/amazonaws/aws-java-sdk-config/1.11.773/aws-java-sdk-config-1.11.773.jar:/home/humaid/.m2/repository/com/amazonaws/aws-java-sdk-lambda/1.11.773/aws-java-sdk-lambda-1.11.773.jar:/home/humaid/.m2/repository/com/amazonaws/aws-java-sdk-ecs/1.11.773/aws-java-sdk-ecs-1.11.773.jar:/home/humaid/.m2/repository/com/amazonaws/aws-java-sdk-ecr/1.11.773/aws-java-sdk-ecr-1.11.773.jar:/home/humaid/.m2/repository/com/amazonaws/aws-java-sdk-cloudhsm/1.11.773/aws-java-sdk-cloudhsm-1.11.773.jar:/home/humaid/.m2/repository/com/amazonaws/aws-java-sdk-ssm/1.11.773/aws-java-sdk-ssm-1.11.773.jar:/home/humaid/.m2/repository/com/amazonaws/aws-java-sdk-workspaces/1.11.773/aws-java-sdk-workspaces-1.11.773.jar:/home/humaid/.m2/repository/com/amazonaws/aws-java-sdk-machinelearning/1.11.773/aws-java-sdk-machinelearning-1.11.773.jar:/home/humaid/.m2/repository/com/amazonaws/aws-java-sdk-directory/1.11.773/aws-java-sdk-directory-1.11.773.jar:/home/humaid/.m2/repository/com/amazonaws/aws-java-sdk-efs/1.11.773/aws-java-sdk-efs-1.11.773.jar:/home/humaid/.m2/repository/com/amazonaws/aws-java-sdk-codecommit/1.11.773/aws-java-sdk-codecommit-1.11.773.jar:/home/humaid/.m2/repository/com/amazonaws/aws-java-sdk-devicefarm/1.11.773/aws-java-sdk-devicefarm-1.11.773.jar:/home/humaid/.m2/repository/com/amazonaws/aws-java-sdk-elasticsearch/1.11.773/aws-java-sdk-elasticsearch-1.11.773.jar:/home/humaid/.m2/repository/com/amazonaws/aws-java-sdk-waf/1.11.773/aws-java-sdk-waf-1.11.773.jar:/home/humaid/.m2/repository/com/amazonaws/aws-java-sdk-marketplacecommerceanalytics/1.11.773/aws-java-sdk-marketplacecommerceanalytics-1.11.773.jar:/home/humaid/.m2/repository/com/amazonaws/aws-java-sdk-inspector/1.11.773/aws-java-sdk-inspector-1.11.773.jar:/home/humaid/.m2/repository/com/amazonaws/aws-java-sdk-iot/1.11.773/aws-java-sdk-iot-1.11.773.jar:/home/humaid/.m2/repository/com/amazonaws/aws-java-sdk-api-gateway/1.11.773/aws-java-sdk-api-gateway-1.11.773.jar:/home/humaid/.m2/repository/com/amazonaws/aws-java-sdk-acm/1.11.773/aws-java-sdk-acm-1.11.773.jar:/home/humaid/.m2/repository/com/amazonaws/aws-java-sdk-gamelift/1.11.773/aws-java-sdk-gamelift-1.11.773.jar:/home/humaid/.m2/repository/com/amazonaws/aws-java-sdk-dms/1.11.773/aws-java-sdk-dms-1.11.773.jar:/home/humaid/.m2/repository/com/amazonaws/aws-java-sdk-marketplacemeteringservice/1.11.773/aws-java-sdk-marketplacemeteringservice-1.11.773.jar:/home/humaid/.m2/repository/com/amazonaws/aws-java-sdk-cognitoidp/1.11.773/aws-java-sdk-cognitoidp-1.11.773.jar:/home/humaid/.m2/repository/com/amazonaws/aws-java-sdk-discovery/1.11.773/aws-java-sdk-discovery-1.11.773.jar:/home/humaid/.m2/repository/com/amazonaws/aws-java-sdk-applicationautoscaling/1.11.773/aws-java-sdk-applicationautoscaling-1.11.773.jar:/home/humaid/.m2/repository/com/amazonaws/aws-java-sdk-snowball/1.11.773/aws-java-sdk-snowball-1.11.773.jar:/home/humaid/.m2/repository/com/amazonaws/aws-java-sdk-rekognition/1.11.773/aws-java-sdk-rekognition-1.11.773.jar:/home/humaid/.m2/repository/com/amazonaws/aws-java-sdk-polly/1.11.773/aws-java-sdk-polly-1.11.773.jar:/home/humaid/.m2/repository/com/amazonaws/aws-java-sdk-lightsail/1.11.773/aws-java-sdk-lightsail-1.11.773.jar:/home/humaid/.m2/repository/com/amazonaws/aws-java-sdk-stepfunctions/1.11.773/aws-java-sdk-stepfunctions-1.11.773.jar:/home/humaid/.m2/repository/com/amazonaws/aws-java-sdk-health/1.11.773/aws-java-sdk-health-1.11.773.jar:/home/humaid/.m2/repository/com/amazonaws/aws-java-sdk-costandusagereport/1.11.773/aws-java-sdk-costandusagereport-1.11.773.jar:/home/humaid/.m2/repository/com/amazonaws/aws-java-sdk-codebuild/1.11.773/aws-java-sdk-codebuild-1.11.773.jar:/home/humaid/.m2/repository/com/amazonaws/aws-java-sdk-appstream/1.11.773/aws-java-sdk-appstream-1.11.773.jar:/home/humaid/.m2/repository/com/amazonaws/aws-java-sdk-shield/1.11.773/aws-java-sdk-shield-1.11.773.jar:/home/humaid/.m2/repository/com/amazonaws/aws-java-sdk-batch/1.11.773/aws-java-sdk-batch-1.11.773.jar:/home/humaid/.m2/repository/com/amazonaws/aws-java-sdk-lex/1.11.773/aws-java-sdk-lex-1.11.773.jar:/home/humaid/.m2/repository/com/amazonaws/aws-java-sdk-mechanicalturkrequester/1.11.773/aws-java-sdk-mechanicalturkrequester-1.11.773.jar:/home/humaid/.m2/repository/com/amazonaws/aws-java-sdk-organizations/1.11.773/aws-java-sdk-organizations-1.11.773.jar:/home/humaid/.m2/repository/com/amazonaws/aws-java-sdk-workdocs/1.11.773/aws-java-sdk-workdocs-1.11.773.jar:/home/humaid/.m2/repository/com/amazonaws/aws-java-sdk-core/1.11.773/aws-java-sdk-core-1.11.773.jar:/home/humaid/.m2/repository/software/amazon/ion/ion-java/1.0.2/ion-java-1.0.2.jar:/home/humaid/.m2/repository/com/fasterxml/jackson/dataformat/jackson-dataformat-cbor/2.11.0/jackson-dataformat-cbor-2.11.0.jar:/home/humaid/.m2/repository/joda-time/joda-time/2.8.1/joda-time-2.8.1.jar:/home/humaid/.m2/repository/com/amazonaws/aws-java-sdk-models/1.11.773/aws-java-sdk-models-1.11.773.jar:/home/humaid/.m2/repository/com/amazonaws/aws-java-sdk-swf-libraries/1.11.22/aws-java-sdk-swf-libraries-1.11.22.jar:/home/humaid/.m2/repository/com/google/code/gson/gson/2.8.6/gson-2.8.6.jar:/home/humaid/.m2/repository/com/maxmind/geoip2/geoip2/2.8.0/geoip2-2.8.0.jar:/home/humaid/.m2/repository/com/maxmind/db/maxmind-db/1.2.1/maxmind-db-1.2.1.jar:/home/humaid/.m2/repository/org/apache/httpcomponents/httpclient/4.5.12/httpclient-4.5.12.jar:/home/humaid/.m2/repository/org/springframework/spring-messaging/4.0.0.RELEASE/spring-messaging-4.0.0.RELEASE.jar:/home/humaid/.m2/repository/org/springframework/spring-beans/5.2.6.RELEASE/spring-beans-5.2.6.RELEASE.jar:/home/humaid/.m2/repository/org/springframework/boot/spring-boot-starter-web/2.3.0.RELEASE/spring-boot-starter-web-2.3.0.RELEASE.jar:/home/humaid/.m2/repository/org/springframework/boot/spring-boot-starter/2.3.0.RELEASE/spring-boot-starter-2.3.0.RELEASE.jar:/home/humaid/.m2/repository/org/springframework/boot/spring-boot/2.3.0.RELEASE/spring-boot-2.3.0.RELEASE.jar:/home/humaid/.m2/repository/org/springframework/boot/spring-boot-autoconfigure/2.3.0.RELEASE/spring-boot-autoconfigure-2.3.0.RELEASE.jar:/home/humaid/.m2/repository/org/springframework/boot/spring-boot-starter-logging/2.3.0.RELEASE/spring-boot-starter-logging-2.3.0.RELEASE.jar:/home/humaid/.m2/repository/ch/qos/logback/logback-classic/1.2.3/logback-classic-1.2.3.jar:/home/humaid/.m2/repository/ch/qos/logback/logback-core/1.2.3/logback-core-1.2.3.jar:/home/humaid/.m2/repository/org/apache/logging/log4j/log4j-to-slf4j/2.13.2/log4j-to-slf4j-2.13.2.jar:/home/humaid/.m2/repository/org/apache/logging/log4j/log4j-api/2.13.2/log4j-api-2.13.2.jar:/home/humaid/.m2/repository/org/slf4j/jul-to-slf4j/1.7.30/jul-to-slf4j-1.7.30.jar:/home/humaid/.m2/repository/jakarta/annotation/jakarta.annotation-api/1.3.5/jakarta.annotation-api-1.3.5.jar:/home/humaid/.m2/repository/org/yaml/snakeyaml/1.26/snakeyaml-1.26.jar:/home/humaid/.m2/repository/org/springframework/boot/spring-boot-starter-json/2.3.0.RELEASE/spring-boot-starter-json-2.3.0.RELEASE.jar:/home/humaid/.m2/repository/com/fasterxml/jackson/datatype/jackson-datatype-jdk8/2.11.0/jackson-datatype-jdk8-2.11.0.jar:/home/humaid/.m2/repository/com/fasterxml/jackson/datatype/jackson-datatype-jsr310/2.11.0/jackson-datatype-jsr310-2.11.0.jar:/home/humaid/.m2/repository/com/fasterxml/jackson/module/jackson-module-parameter-names/2.11.0/jackson-module-parameter-names-2.11.0.jar:/home/humaid/.m2/repository/org/springframework/boot/spring-boot-starter-tomcat/2.3.0.RELEASE/spring-boot-starter-tomcat-2.3.0.RELEASE.jar:/home/humaid/.m2/repository/org/apache/tomcat/embed/tomcat-embed-core/9.0.35/tomcat-embed-core-9.0.35.jar:/home/humaid/.m2/repository/org/glassfish/jakarta.el/3.0.3/jakarta.el-3.0.3.jar:/home/humaid/.m2/repository/org/apache/tomcat/embed/tomcat-embed-websocket/9.0.35/tomcat-embed-websocket-9.0.35.jar:/home/humaid/.m2/repository/org/springframework/spring-webmvc/5.2.6.RELEASE/spring-webmvc-5.2.6.RELEASE.jar:/home/humaid/.m2/repository/org/springframework/boot/spring-boot-starter-test/2.3.0.RELEASE/spring-boot-starter-test-2.3.0.RELEASE.jar:/home/humaid/.m2/repository/org/springframework/boot/spring-boot-test/2.3.0.RELEASE/spring-boot-test-2.3.0.RELEASE.jar:/home/humaid/.m2/repository/org/springframework/boot/spring-boot-test-autoconfigure/2.3.0.RELEASE/spring-boot-test-autoconfigure-2.3.0.RELEASE.jar:/home/humaid/.m2/repository/com/jayway/jsonpath/json-path/2.4.0/json-path-2.4.0.jar:/home/humaid/.m2/repository/net/minidev/json-smart/2.3/json-smart-2.3.jar:/home/humaid/.m2/repository/net/minidev/accessors-smart/1.2/accessors-smart-1.2.jar:/home/humaid/.m2/repository/org/ow2/asm/asm/5.0.4/asm-5.0.4.jar:/home/humaid/.m2/repository/jakarta/xml/bind/jakarta.xml.bind-api/2.3.3/jakarta.xml.bind-api-2.3.3.jar:/home/humaid/.m2/repository/jakarta/activation/jakarta.activation-api/1.2.2/jakarta.activation-api-1.2.2.jar:/home/humaid/.m2/repository/org/assertj/assertj-core/3.16.1/assertj-core-3.16.1.jar:/home/humaid/.m2/repository/org/hamcrest/hamcrest/2.2/hamcrest-2.2.jar:/home/humaid/.m2/repository/org/junit/jupiter/junit-jupiter/5.6.2/junit-jupiter-5.6.2.jar:/home/humaid/.m2/repository/org/junit/jupiter/junit-jupiter-api/5.6.2/junit-jupiter-api-5.6.2.jar:/home/humaid/.m2/repository/org/apiguardian/apiguardian-api/1.1.0/apiguardian-api-1.1.0.jar:/home/humaid/.m2/repository/org/opentest4j/opentest4j/1.2.0/opentest4j-1.2.0.jar:/home/humaid/.m2/repository/org/junit/platform/junit-platform-commons/1.6.2/junit-platform-commons-1.6.2.jar:/home/humaid/.m2/repository/org/junit/jupiter/junit-jupiter-params/5.6.2/junit-jupiter-params-5.6.2.jar:/home/humaid/.m2/repository/org/junit/jupiter/junit-jupiter-engine/5.6.2/junit-jupiter-engine-5.6.2.jar:/home/humaid/.m2/repository/org/junit/platform/junit-platform-engine/1.6.2/junit-platform-engine-1.6.2.jar:/home/humaid/.m2/repository/org/mockito/mockito-core/3.3.3/mockito-core-3.3.3.jar:/home/humaid/.m2/repository/net/bytebuddy/byte-buddy/1.10.10/byte-buddy-1.10.10.jar:/home/humaid/.m2/repository/net/bytebuddy/byte-buddy-agent/1.10.10/byte-buddy-agent-1.10.10.jar:/home/humaid/.m2/repository/org/objenesis/objenesis/2.6/objenesis-2.6.jar:/home/humaid/.m2/repository/org/mockito/mockito-junit-jupiter/3.3.3/mockito-junit-jupiter-3.3.3.jar:/home/humaid/.m2/repository/org/skyscreamer/jsonassert/1.5.0/jsonassert-1.5.0.jar:/home/humaid/.m2/repository/com/vaadin/external/google/android-json/0.0.20131108.vaadin1/android-json-0.0.20131108.vaadin1.jar:/home/humaid/.m2/repository/org/springframework/spring-test/5.2.6.RELEASE/spring-test-5.2.6.RELEASE.jar:/home/humaid/.m2/repository/org/xmlunit/xmlunit-core/2.7.0/xmlunit-core-2.7.0.jar:"/>
    <property name="java.vm.vendor" value="Red Hat, Inc."/>
    <property name="sun.arch.data.model" value="64"/>
    <property name="java.vendor.url" value="https://www.redhat.com/"/>
    <property name="user.timezone" value=""/>
    <property name="java.vm.specification.version" value="11"/>
    <property name="os.name" value="Linux"/>
    <property name="sun.java.launcher" value="SUN_STANDARD"/>
    <property name="user.country" value="IN"/>
    <property name="sun.boot.library.path" value="/usr/lib/jvm/java-11-openjdk-11.0.10.0.9-0.fc33.x86_64/lib"/>
    <property name="sun.java.command" value="/home/humaid/Desktop/SpringProjects/peopl/target/surefire/surefirebooter13199081374538157724.jar /home/humaid/Desktop/SpringProjects/peopl/target/surefire 2021-03-04T12-23-05_550-jvmRun1 surefire823480882084919557tmp surefire_03308580514978924189tmp"/>
    <property name="jdk.debug" value="release"/>
    <property name="surefire.test.class.path" value="/home/humaid/Desktop/SpringProjects/peopl/target/test-classes:/home/humaid/Desktop/SpringProjects/peopl/target/classes:/home/humaid/.m2/repository/org/springframework/spring-websocket/4.0.0.RELEASE/spring-websocket-4.0.0.RELEASE.jar:/home/humaid/.m2/repository/org/springframework/spring-context/5.2.6.RELEASE/spring-context-5.2.6.RELEASE.jar:/home/humaid/.m2/repository/org/springframework/spring-aop/5.2.6.RELEASE/spring-aop-5.2.6.RELEASE.jar:/home/humaid/.m2/repository/org/springframework/spring-expression/5.2.6.RELEASE/spring-expression-5.2.6.RELEASE.jar:/home/humaid/.m2/repository/org/springframework/spring-core/5.2.6.RELEASE/spring-core-5.2.6.RELEASE.jar:/home/humaid/.m2/repository/org/springframework/spring-jcl/5.2.6.RELEASE/spring-jcl-5.2.6.RELEASE.jar:/home/humaid/.m2/repository/org/springframework/spring-web/5.2.6.RELEASE/spring-web-5.2.6.RELEASE.jar:/home/humaid/.m2/repository/org/springframework/social/spring-social-facebook/2.0.3.RELEASE/spring-social-facebook-2.0.3.RELEASE.jar:/home/humaid/.m2/repository/com/fasterxml/jackson/core/jackson-core/2.11.0/jackson-core-2.11.0.jar:/home/humaid/.m2/repository/org/springframework/social/spring-social-core/1.1.4.RELEASE/spring-social-core-1.1.4.RELEASE.jar:/home/humaid/.m2/repository/com/fasterxml/jackson/core/jackson-databind/2.11.0/jackson-databind-2.11.0.jar:/home/humaid/.m2/repository/org/springframework/social/spring-social-config/1.1.4.RELEASE/spring-social-config-1.1.4.RELEASE.jar:/home/humaid/.m2/repository/org/springframework/social/spring-social-web/1.1.4.RELEASE/spring-social-web-1.1.4.RELEASE.jar:/home/humaid/.m2/repository/javax/inject/javax.inject/1/javax.inject-1.jar:/home/humaid/.m2/repository/com/fasterxml/jackson/core/jackson-annotations/2.11.0/jackson-annotations-2.11.0.jar:/home/humaid/.m2/repository/com/google/firebase/firebase-admin/7.0.1/firebase-admin-7.0.1.jar:/home/humaid/.m2/repository/com/google/api-client/google-api-client/1.30.10/google-api-client-1.30.10.jar:/home/humaid/.m2/repository/com/google/oauth-client/google-oauth-client/1.31.0/google-oauth-client-1.31.0.jar:/home/humaid/.m2/repository/com/google/http-client/google-http-client-jackson2/1.36.0/google-http-client-jackson2-1.36.0.jar:/home/humaid/.m2/repository/com/google/api-client/google-api-client-gson/1.30.10/google-api-client-gson-1.30.10.jar:/home/humaid/.m2/repository/com/google/http-client/google-http-client-gson/1.36.0/google-http-client-gson-1.36.0.jar:/home/humaid/.m2/repository/com/google/http-client/google-http-client/1.35.0/google-http-client-1.35.0.jar:/home/humaid/.m2/repository/org/apache/httpcomponents/httpcore/4.4.13/httpcore-4.4.13.jar:/home/humaid/.m2/repository/com/google/code/findbugs/jsr305/3.0.2/jsr305-3.0.2.jar:/home/humaid/.m2/repository/com/google/j2objc/j2objc-annotations/1.3/j2objc-annotations-1.3.jar:/home/humaid/.m2/repository/io/opencensus/opencensus-api/0.24.0/opencensus-api-0.24.0.jar:/home/humaid/.m2/repository/io/opencensus/opencensus-contrib-http-util/0.24.0/opencensus-contrib-http-util-0.24.0.jar:/home/humaid/.m2/repository/com/google/api/api-common/1.9.2/api-common-1.9.2.jar:/home/humaid/.m2/repository/javax/annotation/javax.annotation-api/1.3.2/javax.annotation-api-1.3.2.jar:/home/humaid/.m2/repository/com/google/auto/value/auto-value-annotations/1.7.2/auto-value-annotations-1.7.2.jar:/home/humaid/.m2/repository/com/google/auth/google-auth-library-oauth2-http/0.20.0/google-auth-library-oauth2-http-0.20.0.jar:/home/humaid/.m2/repository/com/google/auth/google-auth-library-credentials/0.20.0/google-auth-library-credentials-0.20.0.jar:/home/humaid/.m2/repository/com/google/cloud/google-cloud-storage/1.110.0/google-cloud-storage-1.110.0.jar:/home/humaid/.m2/repository/com/google/guava/failureaccess/1.0.1/failureaccess-1.0.1.jar:/home/humaid/.m2/repository/com/google/guava/listenablefuture/9999.0-empty-to-avoid-conflict-with-guava/listenablefuture-9999.0-empty-to-avoid-conflict-with-guava.jar:/home/humaid/.m2/repository/org/checkerframework/checker-compat-qual/2.5.5/checker-compat-qual-2.5.5.jar:/home/humaid/.m2/repository/com/google/errorprone/error_prone_annotations/2.3.4/error_prone_annotations-2.3.4.jar:/home/humaid/.m2/repository/com/google/apis/google-api-services-storage/v1-rev20200430-1.30.9/google-api-services-storage-v1-rev20200430-1.30.9.jar:/home/humaid/.m2/repository/com/google/cloud/google-cloud-core/1.93.6/google-cloud-core-1.93.6.jar:/home/humaid/.m2/repository/com/google/api/grpc/proto-google-common-protos/1.18.0/proto-google-common-protos-1.18.0.jar:/home/humaid/.m2/repository/com/google/cloud/google-cloud-core-http/1.93.6/google-cloud-core-http-1.93.6.jar:/home/humaid/.m2/repository/com/google/http-client/google-http-client-appengine/1.35.0/google-http-client-appengine-1.35.0.jar:/home/humaid/.m2/repository/com/google/api/gax-httpjson/0.74.0/gax-httpjson-0.74.0.jar:/home/humaid/.m2/repository/com/google/api/gax/1.57.0/gax-1.57.0.jar:/home/humaid/.m2/repository/io/grpc/grpc-context/1.30.0/grpc-context-1.30.0.jar:/home/humaid/.m2/repository/com/google/api/grpc/proto-google-iam-v1/0.13.0/proto-google-iam-v1-0.13.0.jar:/home/humaid/.m2/repository/com/google/protobuf/protobuf-java/3.12.2/protobuf-java-3.12.2.jar:/home/humaid/.m2/repository/com/google/protobuf/protobuf-java-util/3.12.2/protobuf-java-util-3.12.2.jar:/home/humaid/.m2/repository/org/threeten/threetenbp/1.4.4/threetenbp-1.4.4.jar:/home/humaid/.m2/repository/com/google/cloud/google-cloud-firestore/1.35.0/google-cloud-firestore-1.35.0.jar:/home/humaid/.m2/repository/com/google/cloud/google-cloud-core-grpc/1.93.6/google-cloud-core-grpc-1.93.6.jar:/home/humaid/.m2/repository/io/grpc/grpc-core/1.30.0/grpc-core-1.30.0.jar:/home/humaid/.m2/repository/com/google/android/annotations/4.1.1.4/annotations-4.1.1.4.jar:/home/humaid/.m2/repository/io/perfmark/perfmark-api/0.19.0/perfmark-api-0.19.0.jar:/home/humaid/.m2/repository/commons-logging/commons-logging/1.2/commons-logging-1.2.jar:/home/humaid/.m2/repository/commons-codec/commons-codec/1.14/commons-codec-1.14.jar:/home/humaid/.m2/repository/com/google/api/grpc/proto-google-cloud-firestore-admin-v1/1.35.0/proto-google-cloud-firestore-admin-v1-1.35.0.jar:/home/humaid/.m2/repository/com/google/api/grpc/proto-google-cloud-firestore-v1/1.35.0/proto-google-cloud-firestore-v1-1.35.0.jar:/home/humaid/.m2/repository/com/google/api/grpc/proto-google-cloud-firestore-v1beta1/0.88.0/proto-google-cloud-firestore-v1beta1-0.88.0.jar:/home/humaid/.m2/repository/io/opencensus/opencensus-contrib-grpc-util/0.24.0/opencensus-contrib-grpc-util-0.24.0.jar:/home/humaid/.m2/repository/io/grpc/grpc-protobuf/1.30.0/grpc-protobuf-1.30.0.jar:/home/humaid/.m2/repository/io/grpc/grpc-protobuf-lite/1.30.0/grpc-protobuf-lite-1.30.0.jar:/home/humaid/.m2/repository/org/codehaus/mojo/animal-sniffer-annotations/1.18/animal-sniffer-annotations-1.18.jar:/home/humaid/.m2/repository/io/grpc/grpc-api/1.30.0/grpc-api-1.30.0.jar:/home/humaid/.m2/repository/com/google/api/gax-grpc/1.57.0/gax-grpc-1.57.0.jar:/home/humaid/.m2/repository/io/grpc/grpc-auth/1.30.0/grpc-auth-1.30.0.jar:/home/humaid/.m2/repository/io/grpc/grpc-netty-shaded/1.30.0/grpc-netty-shaded-1.30.0.jar:/home/humaid/.m2/repository/io/grpc/grpc-alts/1.30.0/grpc-alts-1.30.0.jar:/home/humaid/.m2/repository/io/grpc/grpc-grpclb/1.30.0/grpc-grpclb-1.30.0.jar:/home/humaid/.m2/repository/org/conscrypt/conscrypt-openjdk-uber/2.2.1/conscrypt-openjdk-uber-2.2.1.jar:/home/humaid/.m2/repository/io/grpc/grpc-stub/1.30.0/grpc-stub-1.30.0.jar:/home/humaid/.m2/repository/com/google/guava/guava/29.0-android/guava-29.0-android.jar:/home/humaid/.m2/repository/org/slf4j/slf4j-api/1.7.30/slf4j-api-1.7.30.jar:/home/humaid/.m2/repository/io/netty/netty-codec-http/4.1.49.Final/netty-codec-http-4.1.49.Final.jar:/home/humaid/.m2/repository/io/netty/netty-common/4.1.49.Final/netty-common-4.1.49.Final.jar:/home/humaid/.m2/repository/io/netty/netty-buffer/4.1.49.Final/netty-buffer-4.1.49.Final.jar:/home/humaid/.m2/repository/io/netty/netty-codec/4.1.49.Final/netty-codec-4.1.49.Final.jar:/home/humaid/.m2/repository/io/netty/netty-handler/4.1.49.Final/netty-handler-4.1.49.Final.jar:/home/humaid/.m2/repository/io/netty/netty-resolver/4.1.49.Final/netty-resolver-4.1.49.Final.jar:/home/humaid/.m2/repository/io/netty/netty-transport/4.1.49.Final/netty-transport-4.1.49.Final.jar:/home/humaid/.m2/repository/org/springframework/social/spring-social-linkedin/1.0.0.RELEASE/spring-social-linkedin-1.0.0.RELEASE.jar:/home/humaid/.m2/repository/org/apache/commons/commons-lang3/3.11/commons-lang3-3.11.jar:/home/humaid/.m2/repository/org/json/json/20080701/json-20080701.jar:/home/humaid/.m2/repository/org/glassfish/javax.json/1.0.4/javax.json-1.0.4.jar:/home/humaid/.m2/repository/com/sun/mail/javax.mail/1.4.4/javax.mail-1.4.4.jar:/home/humaid/.m2/repository/javax/activation/activation/1.1/activation-1.1.jar:/home/humaid/.m2/repository/commons-dbcp/commons-dbcp/1.4/commons-dbcp-1.4.jar:/home/humaid/.m2/repository/commons-pool/commons-pool/1.6/commons-pool-1.6.jar:/home/humaid/.m2/repository/org/postgresql/postgresql/42.2.12/postgresql-42.2.12.jar:/home/humaid/.m2/repository/com/amazonaws/aws-java-sdk/1.11.773/aws-java-sdk-1.11.773.jar:/home/humaid/.m2/repository/com/amazonaws/aws-java-sdk-iotsitewise/1.11.773/aws-java-sdk-iotsitewise-1.11.773.jar:/home/humaid/.m2/repository/com/amazonaws/jmespath-java/1.11.773/jmespath-java-1.11.773.jar:/home/humaid/.m2/repository/com/amazonaws/aws-java-sdk-synthetics/1.11.773/aws-java-sdk-synthetics-1.11.773.jar:/home/humaid/.m2/repository/com/amazonaws/aws-java-sdk-codestarconnections/1.11.773/aws-java-sdk-codestarconnections-1.11.773.jar:/home/humaid/.m2/repository/com/amazonaws/aws-java-sdk-detective/1.11.773/aws-java-sdk-detective-1.11.773.jar:/home/humaid/.m2/repository/com/amazonaws/aws-java-sdk-kinesisvideosignalingchannels/1.11.773/aws-java-sdk-kinesisvideosignalingchannels-1.11.773.jar:/home/humaid/.m2/repository/com/amazonaws/aws-java-sdk-ebs/1.11.773/aws-java-sdk-ebs-1.11.773.jar:/home/humaid/.m2/repository/com/amazonaws/aws-java-sdk-augmentedairuntime/1.11.773/aws-java-sdk-augmentedairuntime-1.11.773.jar:/home/humaid/.m2/repository/com/amazonaws/aws-java-sdk-outposts/1.11.773/aws-java-sdk-outposts-1.11.773.jar:/home/humaid/.m2/repository/com/amazonaws/aws-java-sdk-codeguruprofiler/1.11.773/aws-java-sdk-codeguruprofiler-1.11.773.jar:/home/humaid/.m2/repository/com/amazonaws/aws-java-sdk-codegurureviewer/1.11.773/aws-java-sdk-codegurureviewer-1.11.773.jar:/home/humaid/.m2/repository/com/amazonaws/aws-java-sdk-frauddetector/1.11.773/aws-java-sdk-frauddetector-1.11.773.jar:/home/humaid/.m2/repository/com/amazonaws/aws-java-sdk-kendra/1.11.773/aws-java-sdk-kendra-1.11.773.jar:/home/humaid/.m2/repository/com/amazonaws/aws-java-sdk-networkmanager/1.11.773/aws-java-sdk-networkmanager-1.11.773.jar:/home/humaid/.m2/repository/com/amazonaws/aws-java-sdk-computeoptimizer/1.11.773/aws-java-sdk-computeoptimizer-1.11.773.jar:/home/humaid/.m2/repository/com/amazonaws/aws-java-sdk-accessanalyzer/1.11.773/aws-java-sdk-accessanalyzer-1.11.773.jar:/home/humaid/.m2/repository/com/amazonaws/aws-java-sdk-schemas/1.11.773/aws-java-sdk-schemas-1.11.773.jar:/home/humaid/.m2/repository/com/amazonaws/aws-java-sdk-imagebuilder/1.11.773/aws-java-sdk-imagebuilder-1.11.773.jar:/home/humaid/.m2/repository/com/amazonaws/aws-java-sdk-elasticinference/1.11.773/aws-java-sdk-elasticinference-1.11.773.jar:/home/humaid/.m2/repository/com/amazonaws/aws-java-sdk-iotsecuretunneling/1.11.773/aws-java-sdk-iotsecuretunneling-1.11.773.jar:/home/humaid/.m2/repository/com/amazonaws/aws-java-sdk-appconfig/1.11.773/aws-java-sdk-appconfig-1.11.773.jar:/home/humaid/.m2/repository/com/amazonaws/aws-java-sdk-wafv2/1.11.773/aws-java-sdk-wafv2-1.11.773.jar:/home/humaid/.m2/repository/com/amazonaws/aws-java-sdk-connectparticipant/1.11.773/aws-java-sdk-connectparticipant-1.11.773.jar:/home/humaid/.m2/repository/com/amazonaws/aws-java-sdk-migrationhubconfig/1.11.773/aws-java-sdk-migrationhubconfig-1.11.773.jar:/home/humaid/.m2/repository/com/amazonaws/aws-java-sdk-dataexchange/1.11.773/aws-java-sdk-dataexchange-1.11.773.jar:/home/humaid/.m2/repository/com/amazonaws/aws-java-sdk-sesv2/1.11.773/aws-java-sdk-sesv2-1.11.773.jar:/home/humaid/.m2/repository/com/amazonaws/aws-java-sdk-marketplacecatalog/1.11.773/aws-java-sdk-marketplacecatalog-1.11.773.jar:/home/humaid/.m2/repository/com/amazonaws/aws-java-sdk-ssooidc/1.11.773/aws-java-sdk-ssooidc-1.11.773.jar:/home/humaid/.m2/repository/com/amazonaws/aws-java-sdk-sso/1.11.773/aws-java-sdk-sso-1.11.773.jar:/home/humaid/.m2/repository/com/amazonaws/aws-java-sdk-savingsplans/1.11.773/aws-java-sdk-savingsplans-1.11.773.jar:/home/humaid/.m2/repository/com/amazonaws/aws-java-sdk-codestarnotifications/1.11.773/aws-java-sdk-codestarnotifications-1.11.773.jar:/home/humaid/.m2/repository/com/amazonaws/aws-java-sdk-workmailmessageflow/1.11.773/aws-java-sdk-workmailmessageflow-1.11.773.jar:/home/humaid/.m2/repository/com/amazonaws/aws-java-sdk-qldbsession/1.11.773/aws-java-sdk-qldbsession-1.11.773.jar:/home/humaid/.m2/repository/com/amazonaws/aws-java-sdk-qldb/1.11.773/aws-java-sdk-qldb-1.11.773.jar:/home/humaid/.m2/repository/com/amazonaws/aws-java-sdk-forecastquery/1.11.773/aws-java-sdk-forecastquery-1.11.773.jar:/home/humaid/.m2/repository/com/amazonaws/aws-java-sdk-forecast/1.11.773/aws-java-sdk-forecast-1.11.773.jar:/home/humaid/.m2/repository/com/amazonaws/aws-java-sdk-lakeformation/1.11.773/aws-java-sdk-lakeformation-1.11.773.jar:/home/humaid/.m2/repository/com/amazonaws/aws-java-sdk-eventbridge/1.11.773/aws-java-sdk-eventbridge-1.11.773.jar:/home/humaid/.m2/repository/com/amazonaws/aws-java-sdk-ec2instanceconnect/1.11.773/aws-java-sdk-ec2instanceconnect-1.11.773.jar:/home/humaid/.m2/repository/com/amazonaws/aws-java-sdk-applicationinsights/1.11.773/aws-java-sdk-applicationinsights-1.11.773.jar:/home/humaid/.m2/repository/com/amazonaws/aws-java-sdk-servicequotas/1.11.773/aws-java-sdk-servicequotas-1.11.773.jar:/home/humaid/.m2/repository/com/amazonaws/aws-java-sdk-personalizeevents/1.11.773/aws-java-sdk-personalizeevents-1.11.773.jar:/home/humaid/.m2/repository/com/amazonaws/aws-java-sdk-personalize/1.11.773/aws-java-sdk-personalize-1.11.773.jar:/home/humaid/.m2/repository/com/amazonaws/aws-java-sdk-personalizeruntime/1.11.773/aws-java-sdk-personalizeruntime-1.11.773.jar:/home/humaid/.m2/repository/com/amazonaws/aws-java-sdk-ioteventsdata/1.11.773/aws-java-sdk-ioteventsdata-1.11.773.jar:/home/humaid/.m2/repository/com/amazonaws/aws-java-sdk-iotevents/1.11.773/aws-java-sdk-iotevents-1.11.773.jar:/home/humaid/.m2/repository/com/amazonaws/aws-java-sdk-iotthingsgraph/1.11.773/aws-java-sdk-iotthingsgraph-1.11.773.jar:/home/humaid/.m2/repository/com/amazonaws/aws-java-sdk-groundstation/1.11.773/aws-java-sdk-groundstation-1.11.773.jar:/home/humaid/.m2/repository/com/amazonaws/aws-java-sdk-mediapackagevod/1.11.773/aws-java-sdk-mediapackagevod-1.11.773.jar:/home/humaid/.m2/repository/com/amazonaws/aws-java-sdk-managedblockchain/1.11.773/aws-java-sdk-managedblockchain-1.11.773.jar:/home/humaid/.m2/repository/com/amazonaws/aws-java-sdk-textract/1.11.773/aws-java-sdk-textract-1.11.773.jar:/home/humaid/.m2/repository/com/amazonaws/aws-java-sdk-worklink/1.11.773/aws-java-sdk-worklink-1.11.773.jar:/home/humaid/.m2/repository/com/amazonaws/aws-java-sdk-backup/1.11.773/aws-java-sdk-backup-1.11.773.jar:/home/humaid/.m2/repository/com/amazonaws/aws-java-sdk-docdb/1.11.773/aws-java-sdk-docdb-1.11.773.jar:/home/humaid/.m2/repository/com/amazonaws/aws-java-sdk-apigatewayv2/1.11.773/aws-java-sdk-apigatewayv2-1.11.773.jar:/home/humaid/.m2/repository/com/amazonaws/aws-java-sdk-apigatewaymanagementapi/1.11.773/aws-java-sdk-apigatewaymanagementapi-1.11.773.jar:/home/humaid/.m2/repository/com/amazonaws/aws-java-sdk-kafka/1.11.773/aws-java-sdk-kafka-1.11.773.jar:/home/humaid/.m2/repository/com/amazonaws/aws-java-sdk-appmesh/1.11.773/aws-java-sdk-appmesh-1.11.773.jar:/home/humaid/.m2/repository/com/amazonaws/aws-java-sdk-licensemanager/1.11.773/aws-java-sdk-licensemanager-1.11.773.jar:/home/humaid/.m2/repository/com/amazonaws/aws-java-sdk-securityhub/1.11.773/aws-java-sdk-securityhub-1.11.773.jar:/home/humaid/.m2/repository/com/amazonaws/aws-java-sdk-fsx/1.11.773/aws-java-sdk-fsx-1.11.773.jar:/home/humaid/.m2/repository/com/amazonaws/aws-java-sdk-mediaconnect/1.11.773/aws-java-sdk-mediaconnect-1.11.773.jar:/home/humaid/.m2/repository/com/amazonaws/aws-java-sdk-kinesisanalyticsv2/1.11.773/aws-java-sdk-kinesisanalyticsv2-1.11.773.jar:/home/humaid/.m2/repository/com/amazonaws/aws-java-sdk-comprehendmedical/1.11.773/aws-java-sdk-comprehendmedical-1.11.773.jar:/home/humaid/.m2/repository/com/amazonaws/aws-java-sdk-globalaccelerator/1.11.773/aws-java-sdk-globalaccelerator-1.11.773.jar:/home/humaid/.m2/repository/com/amazonaws/aws-java-sdk-transfer/1.11.773/aws-java-sdk-transfer-1.11.773.jar:/home/humaid/.m2/repository/com/amazonaws/aws-java-sdk-datasync/1.11.773/aws-java-sdk-datasync-1.11.773.jar:/home/humaid/.m2/repository/com/amazonaws/aws-java-sdk-robomaker/1.11.773/aws-java-sdk-robomaker-1.11.773.jar:/home/humaid/.m2/repository/com/amazonaws/aws-java-sdk-amplify/1.11.773/aws-java-sdk-amplify-1.11.773.jar:/home/humaid/.m2/repository/com/amazonaws/aws-java-sdk-quicksight/1.11.773/aws-java-sdk-quicksight-1.11.773.jar:/home/humaid/.m2/repository/com/amazonaws/aws-java-sdk-rdsdata/1.11.773/aws-java-sdk-rdsdata-1.11.773.jar:/home/humaid/.m2/repository/com/amazonaws/aws-java-sdk-route53resolver/1.11.773/aws-java-sdk-route53resolver-1.11.773.jar:/home/humaid/.m2/repository/com/amazonaws/aws-java-sdk-ram/1.11.773/aws-java-sdk-ram-1.11.773.jar:/home/humaid/.m2/repository/com/amazonaws/aws-java-sdk-s3control/1.11.773/aws-java-sdk-s3control-1.11.773.jar:/home/humaid/.m2/repository/com/amazonaws/aws-java-sdk-pinpointsmsvoice/1.11.773/aws-java-sdk-pinpointsmsvoice-1.11.773.jar:/home/humaid/.m2/repository/com/amazonaws/aws-java-sdk-pinpointemail/1.11.773/aws-java-sdk-pinpointemail-1.11.773.jar:/home/humaid/.m2/repository/com/amazonaws/aws-java-sdk-chime/1.11.773/aws-java-sdk-chime-1.11.773.jar:/home/humaid/.m2/repository/com/amazonaws/aws-java-sdk-signer/1.11.773/aws-java-sdk-signer-1.11.773.jar:/home/humaid/.m2/repository/com/amazonaws/aws-java-sdk-dlm/1.11.773/aws-java-sdk-dlm-1.11.773.jar:/home/humaid/.m2/repository/com/amazonaws/aws-java-sdk-macie/1.11.773/aws-java-sdk-macie-1.11.773.jar:/home/humaid/.m2/repository/com/amazonaws/aws-java-sdk-eks/1.11.773/aws-java-sdk-eks-1.11.773.jar:/home/humaid/.m2/repository/com/amazonaws/aws-java-sdk-mediatailor/1.11.773/aws-java-sdk-mediatailor-1.11.773.jar:/home/humaid/.m2/repository/com/amazonaws/aws-java-sdk-neptune/1.11.773/aws-java-sdk-neptune-1.11.773.jar:/home/humaid/.m2/repository/com/amazonaws/aws-java-sdk-pi/1.11.773/aws-java-sdk-pi-1.11.773.jar:/home/humaid/.m2/repository/com/amazonaws/aws-java-sdk-iot1clickprojects/1.11.773/aws-java-sdk-iot1clickprojects-1.11.773.jar:/home/humaid/.m2/repository/com/amazonaws/aws-java-sdk-iot1clickdevices/1.11.773/aws-java-sdk-iot1clickdevices-1.11.773.jar:/home/humaid/.m2/repository/com/amazonaws/aws-java-sdk-iotanalytics/1.11.773/aws-java-sdk-iotanalytics-1.11.773.jar:/home/humaid/.m2/repository/com/amazonaws/aws-java-sdk-acmpca/1.11.773/aws-java-sdk-acmpca-1.11.773.jar:/home/humaid/.m2/repository/com/amazonaws/aws-java-sdk-secretsmanager/1.11.773/aws-java-sdk-secretsmanager-1.11.773.jar:/home/humaid/.m2/repository/com/amazonaws/aws-java-sdk-fms/1.11.773/aws-java-sdk-fms-1.11.773.jar:/home/humaid/.m2/repository/com/amazonaws/aws-java-sdk-connect/1.11.773/aws-java-sdk-connect-1.11.773.jar:/home/humaid/.m2/repository/com/amazonaws/aws-java-sdk-transcribe/1.11.773/aws-java-sdk-transcribe-1.11.773.jar:/home/humaid/.m2/repository/com/amazonaws/aws-java-sdk-autoscalingplans/1.11.773/aws-java-sdk-autoscalingplans-1.11.773.jar:/home/humaid/.m2/repository/com/amazonaws/aws-java-sdk-workmail/1.11.773/aws-java-sdk-workmail-1.11.773.jar:/home/humaid/.m2/repository/com/amazonaws/aws-java-sdk-servicediscovery/1.11.773/aws-java-sdk-servicediscovery-1.11.773.jar:/home/humaid/.m2/repository/com/amazonaws/aws-java-sdk-cloud9/1.11.773/aws-java-sdk-cloud9-1.11.773.jar:/home/humaid/.m2/repository/com/amazonaws/aws-java-sdk-serverlessapplicationrepository/1.11.773/aws-java-sdk-serverlessapplicationrepository-1.11.773.jar:/home/humaid/.m2/repository/com/amazonaws/aws-java-sdk-alexaforbusiness/1.11.773/aws-java-sdk-alexaforbusiness-1.11.773.jar:/home/humaid/.m2/repository/com/amazonaws/aws-java-sdk-resourcegroups/1.11.773/aws-java-sdk-resourcegroups-1.11.773.jar:/home/humaid/.m2/repository/com/amazonaws/aws-java-sdk-comprehend/1.11.773/aws-java-sdk-comprehend-1.11.773.jar:/home/humaid/.m2/repository/com/amazonaws/aws-java-sdk-translate/1.11.773/aws-java-sdk-translate-1.11.773.jar:/home/humaid/.m2/repository/com/amazonaws/aws-java-sdk-sagemaker/1.11.773/aws-java-sdk-sagemaker-1.11.773.jar:/home/humaid/.m2/repository/com/amazonaws/aws-java-sdk-iotjobsdataplane/1.11.773/aws-java-sdk-iotjobsdataplane-1.11.773.jar:/home/humaid/.m2/repository/com/amazonaws/aws-java-sdk-sagemakerruntime/1.11.773/aws-java-sdk-sagemakerruntime-1.11.773.jar:/home/humaid/.m2/repository/com/amazonaws/aws-java-sdk-kinesisvideo/1.11.773/aws-java-sdk-kinesisvideo-1.11.773.jar:/home/humaid/.m2/repository/com/amazonaws/aws-java-sdk-appsync/1.11.773/aws-java-sdk-appsync-1.11.773.jar:/home/humaid/.m2/repository/com/amazonaws/aws-java-sdk-guardduty/1.11.773/aws-java-sdk-guardduty-1.11.773.jar:/home/humaid/.m2/repository/com/amazonaws/aws-java-sdk-mq/1.11.773/aws-java-sdk-mq-1.11.773.jar:/home/humaid/.m2/repository/com/amazonaws/aws-java-sdk-mediaconvert/1.11.773/aws-java-sdk-mediaconvert-1.11.773.jar:/home/humaid/.m2/repository/com/amazonaws/aws-java-sdk-mediastore/1.11.773/aws-java-sdk-mediastore-1.11.773.jar:/home/humaid/.m2/repository/com/amazonaws/aws-java-sdk-mediastoredata/1.11.773/aws-java-sdk-mediastoredata-1.11.773.jar:/home/humaid/.m2/repository/com/amazonaws/aws-java-sdk-medialive/1.11.773/aws-java-sdk-medialive-1.11.773.jar:/home/humaid/.m2/repository/com/amazonaws/aws-java-sdk-mediapackage/1.11.773/aws-java-sdk-mediapackage-1.11.773.jar:/home/humaid/.m2/repository/com/amazonaws/aws-java-sdk-costexplorer/1.11.773/aws-java-sdk-costexplorer-1.11.773.jar:/home/humaid/.m2/repository/com/amazonaws/aws-java-sdk-pricing/1.11.773/aws-java-sdk-pricing-1.11.773.jar:/home/humaid/.m2/repository/com/amazonaws/aws-java-sdk-mobile/1.11.773/aws-java-sdk-mobile-1.11.773.jar:/home/humaid/.m2/repository/com/amazonaws/aws-java-sdk-cloudhsmv2/1.11.773/aws-java-sdk-cloudhsmv2-1.11.773.jar:/home/humaid/.m2/repository/com/amazonaws/aws-java-sdk-glue/1.11.773/aws-java-sdk-glue-1.11.773.jar:/home/humaid/.m2/repository/com/amazonaws/aws-java-sdk-migrationhub/1.11.773/aws-java-sdk-migrationhub-1.11.773.jar:/home/humaid/.m2/repository/com/amazonaws/aws-java-sdk-dax/1.11.773/aws-java-sdk-dax-1.11.773.jar:/home/humaid/.m2/repository/com/amazonaws/aws-java-sdk-greengrass/1.11.773/aws-java-sdk-greengrass-1.11.773.jar:/home/humaid/.m2/repository/com/amazonaws/aws-java-sdk-athena/1.11.773/aws-java-sdk-athena-1.11.773.jar:/home/humaid/.m2/repository/com/amazonaws/aws-java-sdk-marketplaceentitlement/1.11.773/aws-java-sdk-marketplaceentitlement-1.11.773.jar:/home/humaid/.m2/repository/com/amazonaws/aws-java-sdk-codestar/1.11.773/aws-java-sdk-codestar-1.11.773.jar:/home/humaid/.m2/repository/com/amazonaws/aws-java-sdk-lexmodelbuilding/1.11.773/aws-java-sdk-lexmodelbuilding-1.11.773.jar:/home/humaid/.m2/repository/com/amazonaws/aws-java-sdk-resourcegroupstaggingapi/1.11.773/aws-java-sdk-resourcegroupstaggingapi-1.11.773.jar:/home/humaid/.m2/repository/com/amazonaws/aws-java-sdk-pinpoint/1.11.773/aws-java-sdk-pinpoint-1.11.773.jar:/home/humaid/.m2/repository/com/amazonaws/aws-java-sdk-xray/1.11.773/aws-java-sdk-xray-1.11.773.jar:/home/humaid/.m2/repository/com/amazonaws/aws-java-sdk-opsworkscm/1.11.773/aws-java-sdk-opsworkscm-1.11.773.jar:/home/humaid/.m2/repository/com/amazonaws/aws-java-sdk-support/1.11.773/aws-java-sdk-support-1.11.773.jar:/home/humaid/.m2/repository/com/amazonaws/aws-java-sdk-simpledb/1.11.773/aws-java-sdk-simpledb-1.11.773.jar:/home/humaid/.m2/repository/com/amazonaws/aws-java-sdk-servicecatalog/1.11.773/aws-java-sdk-servicecatalog-1.11.773.jar:/home/humaid/.m2/repository/com/amazonaws/aws-java-sdk-servermigration/1.11.773/aws-java-sdk-servermigration-1.11.773.jar:/home/humaid/.m2/repository/com/amazonaws/aws-java-sdk-simpleworkflow/1.11.773/aws-java-sdk-simpleworkflow-1.11.773.jar:/home/humaid/.m2/repository/com/amazonaws/aws-java-sdk-storagegateway/1.11.773/aws-java-sdk-storagegateway-1.11.773.jar:/home/humaid/.m2/repository/com/amazonaws/aws-java-sdk-route53/1.11.773/aws-java-sdk-route53-1.11.773.jar:/home/humaid/.m2/repository/com/amazonaws/aws-java-sdk-s3/1.11.773/aws-java-sdk-s3-1.11.773.jar:/home/humaid/.m2/repository/com/amazonaws/aws-java-sdk-importexport/1.11.773/aws-java-sdk-importexport-1.11.773.jar:/home/humaid/.m2/repository/com/amazonaws/aws-java-sdk-sts/1.11.773/aws-java-sdk-sts-1.11.773.jar:/home/humaid/.m2/repository/com/amazonaws/aws-java-sdk-sqs/1.11.773/aws-java-sdk-sqs-1.11.773.jar:/home/humaid/.m2/repository/com/amazonaws/aws-java-sdk-rds/1.11.773/aws-java-sdk-rds-1.11.773.jar:/home/humaid/.m2/repository/com/amazonaws/aws-java-sdk-redshift/1.11.773/aws-java-sdk-redshift-1.11.773.jar:/home/humaid/.m2/repository/com/amazonaws/aws-java-sdk-elasticbeanstalk/1.11.773/aws-java-sdk-elasticbeanstalk-1.11.773.jar:/home/humaid/.m2/repository/com/amazonaws/aws-java-sdk-glacier/1.11.773/aws-java-sdk-glacier-1.11.773.jar:/home/humaid/.m2/repository/com/amazonaws/aws-java-sdk-iam/1.11.773/aws-java-sdk-iam-1.11.773.jar:/home/humaid/.m2/repository/com/amazonaws/aws-java-sdk-datapipeline/1.11.773/aws-java-sdk-datapipeline-1.11.773.jar:/home/humaid/.m2/repository/com/amazonaws/aws-java-sdk-elasticloadbalancing/1.11.773/aws-java-sdk-elasticloadbalancing-1.11.773.jar:/home/humaid/.m2/repository/com/amazonaws/aws-java-sdk-elasticloadbalancingv2/1.11.773/aws-java-sdk-elasticloadbalancingv2-1.11.773.jar:/home/humaid/.m2/repository/com/amazonaws/aws-java-sdk-emr/1.11.773/aws-java-sdk-emr-1.11.773.jar:/home/humaid/.m2/repository/com/amazonaws/aws-java-sdk-elasticache/1.11.773/aws-java-sdk-elasticache-1.11.773.jar:/home/humaid/.m2/repository/com/amazonaws/aws-java-sdk-elastictranscoder/1.11.773/aws-java-sdk-elastictranscoder-1.11.773.jar:/home/humaid/.m2/repository/com/amazonaws/aws-java-sdk-ec2/1.11.773/aws-java-sdk-ec2-1.11.773.jar:/home/humaid/.m2/repository/com/amazonaws/aws-java-sdk-dynamodb/1.11.773/aws-java-sdk-dynamodb-1.11.773.jar:/home/humaid/.m2/repository/com/amazonaws/aws-java-sdk-sns/1.11.773/aws-java-sdk-sns-1.11.773.jar:/home/humaid/.m2/repository/com/amazonaws/aws-java-sdk-budgets/1.11.773/aws-java-sdk-budgets-1.11.773.jar:/home/humaid/.m2/repository/com/amazonaws/aws-java-sdk-cloudtrail/1.11.773/aws-java-sdk-cloudtrail-1.11.773.jar:/home/humaid/.m2/repository/com/amazonaws/aws-java-sdk-cloudwatch/1.11.773/aws-java-sdk-cloudwatch-1.11.773.jar:/home/humaid/.m2/repository/com/amazonaws/aws-java-sdk-logs/1.11.773/aws-java-sdk-logs-1.11.773.jar:/home/humaid/.m2/repository/com/amazonaws/aws-java-sdk-events/1.11.773/aws-java-sdk-events-1.11.773.jar:/home/humaid/.m2/repository/com/amazonaws/aws-java-sdk-cognitoidentity/1.11.773/aws-java-sdk-cognitoidentity-1.11.773.jar:/home/humaid/.m2/repository/com/amazonaws/aws-java-sdk-cognitosync/1.11.773/aws-java-sdk-cognitosync-1.11.773.jar:/home/humaid/.m2/repository/com/amazonaws/aws-java-sdk-directconnect/1.11.773/aws-java-sdk-directconnect-1.11.773.jar:/home/humaid/.m2/repository/com/amazonaws/aws-java-sdk-cloudformation/1.11.773/aws-java-sdk-cloudformation-1.11.773.jar:/home/humaid/.m2/repository/com/amazonaws/aws-java-sdk-cloudfront/1.11.773/aws-java-sdk-cloudfront-1.11.773.jar:/home/humaid/.m2/repository/com/amazonaws/aws-java-sdk-clouddirectory/1.11.773/aws-java-sdk-clouddirectory-1.11.773.jar:/home/humaid/.m2/repository/com/amazonaws/aws-java-sdk-kinesis/1.11.773/aws-java-sdk-kinesis-1.11.773.jar:/home/humaid/.m2/repository/com/amazonaws/aws-java-sdk-opsworks/1.11.773/aws-java-sdk-opsworks-1.11.773.jar:/home/humaid/.m2/repository/com/amazonaws/aws-java-sdk-ses/1.11.773/aws-java-sdk-ses-1.11.773.jar:/home/humaid/.m2/repository/com/amazonaws/aws-java-sdk-autoscaling/1.11.773/aws-java-sdk-autoscaling-1.11.773.jar:/home/humaid/.m2/repository/com/amazonaws/aws-java-sdk-cloudsearch/1.11.773/aws-java-sdk-cloudsearch-1.11.773.jar:/home/humaid/.m2/repository/com/amazonaws/aws-java-sdk-cloudwatchmetrics/1.11.773/aws-java-sdk-cloudwatchmetrics-1.11.773.jar:/home/humaid/.m2/repository/com/amazonaws/aws-java-sdk-codedeploy/1.11.773/aws-java-sdk-codedeploy-1.11.773.jar:/home/humaid/.m2/repository/com/amazonaws/aws-java-sdk-codepipeline/1.11.773/aws-java-sdk-codepipeline-1.11.773.jar:/home/humaid/.m2/repository/com/amazonaws/aws-java-sdk-kms/1.11.773/aws-java-sdk-kms-1.11.773.jar:/home/humaid/.m2/repository/com/amazonaws/aws-java-sdk-config/1.11.773/aws-java-sdk-config-1.11.773.jar:/home/humaid/.m2/repository/com/amazonaws/aws-java-sdk-lambda/1.11.773/aws-java-sdk-lambda-1.11.773.jar:/home/humaid/.m2/repository/com/amazonaws/aws-java-sdk-ecs/1.11.773/aws-java-sdk-ecs-1.11.773.jar:/home/humaid/.m2/repository/com/amazonaws/aws-java-sdk-ecr/1.11.773/aws-java-sdk-ecr-1.11.773.jar:/home/humaid/.m2/repository/com/amazonaws/aws-java-sdk-cloudhsm/1.11.773/aws-java-sdk-cloudhsm-1.11.773.jar:/home/humaid/.m2/repository/com/amazonaws/aws-java-sdk-ssm/1.11.773/aws-java-sdk-ssm-1.11.773.jar:/home/humaid/.m2/repository/com/amazonaws/aws-java-sdk-workspaces/1.11.773/aws-java-sdk-workspaces-1.11.773.jar:/home/humaid/.m2/repository/com/amazonaws/aws-java-sdk-machinelearning/1.11.773/aws-java-sdk-machinelearning-1.11.773.jar:/home/humaid/.m2/repository/com/amazonaws/aws-java-sdk-directory/1.11.773/aws-java-sdk-directory-1.11.773.jar:/home/humaid/.m2/repository/com/amazonaws/aws-java-sdk-efs/1.11.773/aws-java-sdk-efs-1.11.773.jar:/home/humaid/.m2/repository/com/amazonaws/aws-java-sdk-codecommit/1.11.773/aws-java-sdk-codecommit-1.11.773.jar:/home/humaid/.m2/repository/com/amazonaws/aws-java-sdk-devicefarm/1.11.773/aws-java-sdk-devicefarm-1.11.773.jar:/home/humaid/.m2/repository/com/amazonaws/aws-java-sdk-elasticsearch/1.11.773/aws-java-sdk-elasticsearch-1.11.773.jar:/home/humaid/.m2/repository/com/amazonaws/aws-java-sdk-waf/1.11.773/aws-java-sdk-waf-1.11.773.jar:/home/humaid/.m2/repository/com/amazonaws/aws-java-sdk-marketplacecommerceanalytics/1.11.773/aws-java-sdk-marketplacecommerceanalytics-1.11.773.jar:/home/humaid/.m2/repository/com/amazonaws/aws-java-sdk-inspector/1.11.773/aws-java-sdk-inspector-1.11.773.jar:/home/humaid/.m2/repository/com/amazonaws/aws-java-sdk-iot/1.11.773/aws-java-sdk-iot-1.11.773.jar:/home/humaid/.m2/repository/com/amazonaws/aws-java-sdk-api-gateway/1.11.773/aws-java-sdk-api-gateway-1.11.773.jar:/home/humaid/.m2/repository/com/amazonaws/aws-java-sdk-acm/1.11.773/aws-java-sdk-acm-1.11.773.jar:/home/humaid/.m2/repository/com/amazonaws/aws-java-sdk-gamelift/1.11.773/aws-java-sdk-gamelift-1.11.773.jar:/home/humaid/.m2/repository/com/amazonaws/aws-java-sdk-dms/1.11.773/aws-java-sdk-dms-1.11.773.jar:/home/humaid/.m2/repository/com/amazonaws/aws-java-sdk-marketplacemeteringservice/1.11.773/aws-java-sdk-marketplacemeteringservice-1.11.773.jar:/home/humaid/.m2/repository/com/amazonaws/aws-java-sdk-cognitoidp/1.11.773/aws-java-sdk-cognitoidp-1.11.773.jar:/home/humaid/.m2/repository/com/amazonaws/aws-java-sdk-discovery/1.11.773/aws-java-sdk-discovery-1.11.773.jar:/home/humaid/.m2/repository/com/amazonaws/aws-java-sdk-applicationautoscaling/1.11.773/aws-java-sdk-applicationautoscaling-1.11.773.jar:/home/humaid/.m2/repository/com/amazonaws/aws-java-sdk-snowball/1.11.773/aws-java-sdk-snowball-1.11.773.jar:/home/humaid/.m2/repository/com/amazonaws/aws-java-sdk-rekognition/1.11.773/aws-java-sdk-rekognition-1.11.773.jar:/home/humaid/.m2/repository/com/amazonaws/aws-java-sdk-polly/1.11.773/aws-java-sdk-polly-1.11.773.jar:/home/humaid/.m2/repository/com/amazonaws/aws-java-sdk-lightsail/1.11.773/aws-java-sdk-lightsail-1.11.773.jar:/home/humaid/.m2/repository/com/amazonaws/aws-java-sdk-stepfunctions/1.11.773/aws-java-sdk-stepfunctions-1.11.773.jar:/home/humaid/.m2/repository/com/amazonaws/aws-java-sdk-health/1.11.773/aws-java-sdk-health-1.11.773.jar:/home/humaid/.m2/repository/com/amazonaws/aws-java-sdk-costandusagereport/1.11.773/aws-java-sdk-costandusagereport-1.11.773.jar:/home/humaid/.m2/repository/com/amazonaws/aws-java-sdk-codebuild/1.11.773/aws-java-sdk-codebuild-1.11.773.jar:/home/humaid/.m2/repository/com/amazonaws/aws-java-sdk-appstream/1.11.773/aws-java-sdk-appstream-1.11.773.jar:/home/humaid/.m2/repository/com/amazonaws/aws-java-sdk-shield/1.11.773/aws-java-sdk-shield-1.11.773.jar:/home/humaid/.m2/repository/com/amazonaws/aws-java-sdk-batch/1.11.773/aws-java-sdk-batch-1.11.773.jar:/home/humaid/.m2/repository/com/amazonaws/aws-java-sdk-lex/1.11.773/aws-java-sdk-lex-1.11.773.jar:/home/humaid/.m2/repository/com/amazonaws/aws-java-sdk-mechanicalturkrequester/1.11.773/aws-java-sdk-mechanicalturkrequester-1.11.773.jar:/home/humaid/.m2/repository/com/amazonaws/aws-java-sdk-organizations/1.11.773/aws-java-sdk-organizations-1.11.773.jar:/home/humaid/.m2/repository/com/amazonaws/aws-java-sdk-workdocs/1.11.773/aws-java-sdk-workdocs-1.11.773.jar:/home/humaid/.m2/repository/com/amazonaws/aws-java-sdk-core/1.11.773/aws-java-sdk-core-1.11.773.jar:/home/humaid/.m2/repository/software/amazon/ion/ion-java/1.0.2/ion-java-1.0.2.jar:/home/humaid/.m2/repository/com/fasterxml/jackson/dataformat/jackson-dataformat-cbor/2.11.0/jackson-dataformat-cbor-2.11.0.jar:/home/humaid/.m2/repository/joda-time/joda-time/2.8.1/joda-time-2.8.1.jar:/home/humaid/.m2/repository/com/amazonaws/aws-java-sdk-models/1.11.773/aws-java-sdk-models-1.11.773.jar:/home/humaid/.m2/repository/com/amazonaws/aws-java-sdk-swf-libraries/1.11.22/aws-java-sdk-swf-libraries-1.11.22.jar:/home/humaid/.m2/repository/com/google/code/gson/gson/2.8.6/gson-2.8.6.jar:/home/humaid/.m2/repository/com/maxmind/geoip2/geoip2/2.8.0/geoip2-2.8.0.jar:/home/humaid/.m2/repository/com/maxmind/db/maxmind-db/1.2.1/maxmind-db-1.2.1.jar:/home/humaid/.m2/repository/org/apache/httpcomponents/httpclient/4.5.12/httpclient-4.5.12.jar:/home/humaid/.m2/repository/org/springframework/spring-messaging/4.0.0.RELEASE/spring-messaging-4.0.0.RELEASE.jar:/home/humaid/.m2/repository/org/springframework/spring-beans/5.2.6.RELEASE/spring-beans-5.2.6.RELEASE.jar:/home/humaid/.m2/repository/org/springframework/boot/spring-boot-starter-web/2.3.0.RELEASE/spring-boot-starter-web-2.3.0.RELEASE.jar:/home/humaid/.m2/repository/org/springframework/boot/spring-boot-starter/2.3.0.RELEASE/spring-boot-starter-2.3.0.RELEASE.jar:/home/humaid/.m2/repository/org/springframework/boot/spring-boot/2.3.0.RELEASE/spring-boot-2.3.0.RELEASE.jar:/home/humaid/.m2/repository/org/springframework/boot/spring-boot-autoconfigure/2.3.0.RELEASE/spring-boot-autoconfigure-2.3.0.RELEASE.jar:/home/humaid/.m2/repository/org/springframework/boot/spring-boot-starter-logging/2.3.0.RELEASE/spring-boot-starter-logging-2.3.0.RELEASE.jar:/home/humaid/.m2/repository/ch/qos/logback/logback-classic/1.2.3/logback-classic-1.2.3.jar:/home/humaid/.m2/repository/ch/qos/logback/logback-core/1.2.3/logback-core-1.2.3.jar:/home/humaid/.m2/repository/org/apache/logging/log4j/log4j-to-slf4j/2.13.2/log4j-to-slf4j-2.13.2.jar:/home/humaid/.m2/repository/org/apache/logging/log4j/log4j-api/2.13.2/log4j-api-2.13.2.jar:/home/humaid/.m2/repository/org/slf4j/jul-to-slf4j/1.7.30/jul-to-slf4j-1.7.30.jar:/home/humaid/.m2/repository/jakarta/annotation/jakarta.annotation-api/1.3.5/jakarta.annotation-api-1.3.5.jar:/home/humaid/.m2/repository/org/yaml/snakeyaml/1.26/snakeyaml-1.26.jar:/home/humaid/.m2/repository/org/springframework/boot/spring-boot-starter-json/2.3.0.RELEASE/spring-boot-starter-json-2.3.0.RELEASE.jar:/home/humaid/.m2/repository/com/fasterxml/jackson/datatype/jackson-datatype-jdk8/2.11.0/jackson-datatype-jdk8-2.11.0.jar:/home/humaid/.m2/repository/com/fasterxml/jackson/datatype/jackson-datatype-jsr310/2.11.0/jackson-datatype-jsr310-2.11.0.jar:/home/humaid/.m2/repository/com/fasterxml/jackson/module/jackson-module-parameter-names/2.11.0/jackson-module-parameter-names-2.11.0.jar:/home/humaid/.m2/repository/org/springframework/boot/spring-boot-starter-tomcat/2.3.0.RELEASE/spring-boot-starter-tomcat-2.3.0.RELEASE.jar:/home/humaid/.m2/repository/org/apache/tomcat/embed/tomcat-embed-core/9.0.35/tomcat-embed-core-9.0.35.jar:/home/humaid/.m2/repository/org/glassfish/jakarta.el/3.0.3/jakarta.el-3.0.3.jar:/home/humaid/.m2/repository/org/apache/tomcat/embed/tomcat-embed-websocket/9.0.35/tomcat-embed-websocket-9.0.35.jar:/home/humaid/.m2/repository/org/springframework/spring-webmvc/5.2.6.RELEASE/spring-webmvc-5.2.6.RELEASE.jar:/home/humaid/.m2/repository/org/springframework/boot/spring-boot-starter-test/2.3.0.RELEASE/spring-boot-starter-test-2.3.0.RELEASE.jar:/home/humaid/.m2/repository/org/springframework/boot/spring-boot-test/2.3.0.RELEASE/spring-boot-test-2.3.0.RELEASE.jar:/home/humaid/.m2/repository/org/springframework/boot/spring-boot-test-autoconfigure/2.3.0.RELEASE/spring-boot-test-autoconfigure-2.3.0.RELEASE.jar:/home/humaid/.m2/repository/com/jayway/jsonpath/json-path/2.4.0/json-path-2.4.0.jar:/home/humaid/.m2/repository/net/minidev/json-smart/2.3/json-smart-2.3.jar:/home/humaid/.m2/repository/net/minidev/accessors-smart/1.2/accessors-smart-1.2.jar:/home/humaid/.m2/repository/org/ow2/asm/asm/5.0.4/asm-5.0.4.jar:/home/humaid/.m2/repository/jakarta/xml/bind/jakarta.xml.bind-api/2.3.3/jakarta.xml.bind-api-2.3.3.jar:/home/humaid/.m2/repository/jakarta/activation/jakarta.activation-api/1.2.2/jakarta.activation-api-1.2.2.jar:/home/humaid/.m2/repository/org/assertj/assertj-core/3.16.1/assertj-core-3.16.1.jar:/home/humaid/.m2/repository/org/hamcrest/hamcrest/2.2/hamcrest-2.2.jar:/home/humaid/.m2/repository/org/junit/jupiter/junit-jupiter/5.6.2/junit-jupiter-5.6.2.jar:/home/humaid/.m2/repository/org/junit/jupiter/junit-jupiter-api/5.6.2/junit-jupiter-api-5.6.2.jar:/home/humaid/.m2/repository/org/apiguardian/apiguardian-api/1.1.0/apiguardian-api-1.1.0.jar:/home/humaid/.m2/repository/org/opentest4j/opentest4j/1.2.0/opentest4j-1.2.0.jar:/home/humaid/.m2/repository/org/junit/platform/junit-platform-commons/1.6.2/junit-platform-commons-1.6.2.jar:/home/humaid/.m2/repository/org/junit/jupiter/junit-jupiter-params/5.6.2/junit-jupiter-params-5.6.2.jar:/home/humaid/.m2/repository/org/junit/jupiter/junit-jupiter-engine/5.6.2/junit-jupiter-engine-5.6.2.jar:/home/humaid/.m2/repository/org/junit/platform/junit-platform-engine/1.6.2/junit-platform-engine-1.6.2.jar:/home/humaid/.m2/repository/org/mockito/mockito-core/3.3.3/mockito-core-3.3.3.jar:/home/humaid/.m2/repository/net/bytebuddy/byte-buddy/1.10.10/byte-buddy-1.10.10.jar:/home/humaid/.m2/repository/net/bytebuddy/byte-buddy-agent/1.10.10/byte-buddy-agent-1.10.10.jar:/home/humaid/.m2/repository/org/objenesis/objenesis/2.6/objenesis-2.6.jar:/home/humaid/.m2/repository/org/mockito/mockito-junit-jupiter/3.3.3/mockito-junit-jupiter-3.3.3.jar:/home/humaid/.m2/repository/org/skyscreamer/jsonassert/1.5.0/jsonassert-1.5.0.jar:/home/humaid/.m2/repository/com/vaadin/external/google/android-json/0.0.20131108.vaadin1/android-json-0.0.20131108.vaadin1.jar:/home/humaid/.m2/repository/org/springframework/spring-test/5.2.6.RELEASE/spring-test-5.2.6.RELEASE.jar:/home/humaid/.m2/repository/org/xmlunit/xmlunit-core/2.7.0/xmlunit-core-2.7.0.jar:"/>
    <property name="sun.cpu.endian" value="little"/>
    <property name="user.home" value="/home/humaid"/>
    <property name="user.language" value="en"/>
    <property name="java.specification.vendor" value="Oracle Corporation"/>
    <property name="java.version.date" value="2021-01-19"/>
    <property name="java.home" value="/usr/lib/jvm/java-11-openjdk-11.0.10.0.9-0.fc33.x86_64"/>
    <property name="file.separator" value="/"/>
    <property name="basedir" value="/home/humaid/Desktop/SpringProjects/peopl"/>
    <property name="java.vm.compressedOopsMode" value="Zero based"/>
    <property name="line.separator" value="&#10;"/>
    <property name="java.specification.name" value="Java Platform API Specification"/>
    <property name="java.vm.specification.vendor" value="Oracle Corporation"/>
    <property name="java.awt.graphicsenv" value="sun.awt.X11GraphicsEnvironment"/>
    <property name="surefire.real.class.path" value="/home/humaid/Desktop/SpringProjects/peopl/target/surefire/surefirebooter13199081374538157724.jar"/>
    <property name="sun.management.compiler" value="HotSpot 64-Bit Tiered Compilers"/>
    <property name="java.runtime.version" value="11.0.10+9"/>
    <property name="user.name" value="humaid"/>
    <property name="path.separator" value=":"/>
    <property name="os.version" value="5.10.18-200.fc33.x86_64"/>
    <property name="java.runtime.name" value="OpenJDK Runtime Environment"/>
    <property name="file.encoding" value="UTF-8"/>
    <property name="java.vm.name" value="OpenJDK 64-Bit Server VM"/>
    <property name="java.vendor.version" value="18.9"/>
    <property name="localRepository" value="/home/humaid/.m2/repository"/>
    <property name="java.vendor.url.bug" value="https://bugzilla.redhat.com/enter_bug.cgi?product=Fedora&amp;component=java-11-openjdk&amp;version=33"/>
    <property name="java.io.tmpdir" value="/tmp"/>
    <property name="java.version" value="11.0.10"/>
    <property name="user.dir" value="/home/humaid/Desktop/SpringProjects/peopl"/>
    <property name="os.arch" value="amd64"/>
    <property name="java.vm.specification.name" value="Java Virtual Machine Specification"/>
    <property name="java.awt.printerjob" value="sun.print.PSPrinterJob"/>
    <property name="sun.os.patch.level" value="unknown"/>
    <property name="java.library.path" value="/usr/java/packages/lib:/usr/lib64:/lib64:/lib:/usr/lib"/>
    <property name="java.vm.info" value="mixed mode, sharing"/>
    <property name="java.vendor" value="Red Hat, Inc."/>
    <property name="java.vm.version" value="11.0.10+9"/>
    <property name="sun.io.unicode.encoding" value="UnicodeLittle"/>
    <property name="java.class.version" value="55.0"/>
  </properties>
  <testcase name="contextLoads" classname="com.people.chat.ChatApplicationTests" time="0.614"/>
</testsuite>